#
# There is insufficient memory for the Java Runtime Environment to continue.
# Native memory allocation (malloc) failed to allocate 1851216 bytes for Chunk::new
# Possible reasons:
#   The system is out of physical RAM or swap space
#   The process is running with CompressedOops enabled, and the Java Heap may be blocking the growth of the native heap
# Possible solutions:
#   Reduce memory load on the system
#   Increase physical memory or swap space
#   Check if swap backing store is full
#   Decrease Java heap size (-Xmx/-Xms)
#   Decrease number of Java threads
#   Decrease Java thread stack sizes (-Xss)
#   Set larger code cache with -XX:ReservedCodeCacheSize=
#   JVM is running with Unscaled Compressed Oops mode in which the Java heap is
#     placed in the first 4GB address space. The Java Heap base address is the
#     maximum limit for the native heap growth. Please use -XX:HeapBaseMinAddress
#     to set the Java Heap base and to place the Java Heap above 4GB virtual address.
# This output file may be truncated or incomplete.
#
#  Out of Memory Error (./open/src/hotspot/share/memory/arena.cpp:195), pid=23240, tid=22540
#
# JRE version: Java(TM) SE Runtime Environment (15.0.1+9) (build 15.0.1+9-18)
# Java VM: Java HotSpot(TM) 64-Bit Server VM (15.0.1+9-18, mixed mode, sharing, tiered, compressed oops, g1 gc, windows-amd64)
# No core dump will be written. Minidumps are not enabled by default on client versions of Windows
#

---------------  S U M M A R Y ------------

Command Line: --add-opens=java.base/java.util=ALL-UNNAMED --add-opens=java.base/java.lang=ALL-UNNAMED --add-opens=java.base/java.lang.invoke=ALL-UNNAMED --add-opens=java.base/java.util=ALL-UNNAMED --add-opens=java.prefs/java.util.prefs=ALL-UNNAMED --add-opens=java.prefs/java.util.prefs=ALL-UNNAMED --add-opens=java.base/java.nio.charset=ALL-UNNAMED --add-opens=java.base/java.net=ALL-UNNAMED --add-opens=java.base/java.util.concurrent.atomic=ALL-UNNAMED -XX:MaxMetaspaceSize=256m -XX:+HeapDumpOnOutOfMemoryError -Xms256m -Xmx512m -Dfile.encoding=UTF-8 -Duser.country=KR -Duser.language=ko -Duser.variant org.gradle.launcher.daemon.bootstrap.GradleDaemon 7.5

Host: Intel(R) Core(TM) i5-7200U CPU @ 2.50GHz, 4 cores, 7G,  Windows 10 , 64 bit Build 19041 (10.0.19041.1889)
Time: Fri Oct 28 15:22:38 2022 대한민국 표준시 elapsed time: 3.022582 seconds (0d 0h 0m 3s)

---------------  T H R E A D  ---------------

Current thread (0x00000236f5a91b80):  JavaThread "C2 CompilerThread0" daemon [_thread_in_native, id=22540, stack(0x0000006a43c00000,0x0000006a43d00000)]


Current CompileTask:
C2:   3022 2027   !   4       java.lang.ClassLoader::loadClass (122 bytes)

Stack: [0x0000006a43c00000,0x0000006a43d00000]
Native frames: (J=compiled Java code, j=interpreted, Vv=VM code, C=native code)
V  [jvm.dll+0x62ae9a]
V  [jvm.dll+0x781389]
V  [jvm.dll+0x782ae3]
V  [jvm.dll+0x783143]
V  [jvm.dll+0x216265]
V  [jvm.dll+0x97efa]
V  [jvm.dll+0x985dc]
V  [jvm.dll+0x32e4c8]
V  [jvm.dll+0x18e0ea]
V  [jvm.dll+0x1ea762]
V  [jvm.dll+0x1e98ae]
V  [jvm.dll+0x1784c7]
V  [jvm.dll+0x1f9165]
V  [jvm.dll+0x1f720c]
V  [jvm.dll+0x74485d]
V  [jvm.dll+0x73d65a]
V  [jvm.dll+0x629c56]
C  [ucrtbase.dll+0x21bb2]
C  [KERNEL32.DLL+0x17034]
C  [ntdll.dll+0x526a1]


---------------  P R O C E S S  ---------------

Threads class SMR info:
_java_thread_list=0x00000236f875a660, length=25, elements={
0x00000236db076c30, 0x00000236f5a695d0, 0x00000236f5a6c6d0, 0x00000236f5a8db50,
0x00000236f5a8e410, 0x00000236f5a90de0, 0x00000236f5a91b80, 0x00000236f5a95b30,
0x00000236f5aa4f50, 0x00000236f63c94b0, 0x00000236f63e2170, 0x00000236f649e330,
0x00000236f7b213a0, 0x00000236f7f60110, 0x00000236f7d94d80, 0x00000236f77409e0,
0x00000236f7771890, 0x00000236f7b42b60, 0x00000236f7778710, 0x00000236f78d3450,
0x00000236f78d3920, 0x00000236f78d3df0, 0x00000236f78d25e0, 0x00000236f78d2ab0,
0x00000236f78d1c40
}

Java Threads: ( => current thread )
  0x00000236db076c30 JavaThread "main" [_thread_blocked, id=15012, stack(0x0000006a43000000,0x0000006a43100000)]
  0x00000236f5a695d0 JavaThread "Reference Handler" daemon [_thread_blocked, id=11004, stack(0x0000006a43700000,0x0000006a43800000)]
  0x00000236f5a6c6d0 JavaThread "Finalizer" daemon [_thread_blocked, id=12788, stack(0x0000006a43800000,0x0000006a43900000)]
  0x00000236f5a8db50 JavaThread "Signal Dispatcher" daemon [_thread_blocked, id=10160, stack(0x0000006a43900000,0x0000006a43a00000)]
  0x00000236f5a8e410 JavaThread "Attach Listener" daemon [_thread_blocked, id=8044, stack(0x0000006a43a00000,0x0000006a43b00000)]
  0x00000236f5a90de0 JavaThread "Service Thread" daemon [_thread_blocked, id=16284, stack(0x0000006a43b00000,0x0000006a43c00000)]
=>0x00000236f5a91b80 JavaThread "C2 CompilerThread0" daemon [_thread_in_native, id=22540, stack(0x0000006a43c00000,0x0000006a43d00000)]
  0x00000236f5a95b30 JavaThread "C1 CompilerThread0" daemon [_thread_blocked, id=12904, stack(0x0000006a43d00000,0x0000006a43e00000)]
  0x00000236f5aa4f50 JavaThread "Sweeper thread" daemon [_thread_blocked, id=19600, stack(0x0000006a43e00000,0x0000006a43f00000)]
  0x00000236f63c94b0 JavaThread "Common-Cleaner" daemon [_thread_blocked, id=22580, stack(0x0000006a43f00000,0x0000006a44000000)]
  0x00000236f63e2170 JavaThread "Notification Thread" daemon [_thread_blocked, id=17948, stack(0x0000006a44000000,0x0000006a44100000)]
  0x00000236f649e330 JavaThread "C2 CompilerThread1" daemon [_thread_in_native, id=17356, stack(0x0000006a44200000,0x0000006a44300000)]
  0x00000236f7b213a0 JavaThread "Daemon health stats" [_thread_blocked, id=19388, stack(0x0000006a44600000,0x0000006a44700000)]
  0x00000236f7f60110 JavaThread "Incoming local TCP Connector on port 55948" [_thread_in_native, id=19704, stack(0x0000006a44700000,0x0000006a44800000)]
  0x00000236f7d94d80 JavaThread "Daemon periodic checks" [_thread_blocked, id=15940, stack(0x0000006a44800000,0x0000006a44900000)]
  0x00000236f77409e0 JavaThread "Daemon" [_thread_blocked, id=17272, stack(0x0000006a44900000,0x0000006a44a00000)]
  0x00000236f7771890 JavaThread "Handler for socket connection from /127.0.0.1:55948 to /127.0.0.1:55949" [_thread_in_native, id=18932, stack(0x0000006a44a00000,0x0000006a44b00000)]
  0x00000236f7b42b60 JavaThread "Cancel handler" [_thread_blocked, id=13516, stack(0x0000006a44b00000,0x0000006a44c00000)]
  0x00000236f7778710 JavaThread "Daemon worker" [_thread_in_vm, id=18612, stack(0x0000006a44c00000,0x0000006a44d00000)]
  0x00000236f78d3450 JavaThread "Asynchronous log dispatcher for DefaultDaemonConnection: socket connection from /127.0.0.1:55948 to /127.0.0.1:55949" [_thread_blocked, id=23732, stack(0x0000006a44d00000,0x0000006a44e00000)]
  0x00000236f78d3920 JavaThread "Stdin handler" [_thread_blocked, id=24056, stack(0x0000006a44e00000,0x0000006a44f00000)]
  0x00000236f78d3df0 JavaThread "Daemon client event forwarder" [_thread_blocked, id=20500, stack(0x0000006a44f00000,0x0000006a45000000)]
  0x00000236f78d25e0 JavaThread "Cache worker for journal cache (C:\Users\qkdlf\.gradle\caches\journal-1)" [_thread_blocked, id=24540, stack(0x0000006a45000000,0x0000006a45100000)]
  0x00000236f78d2ab0 JavaThread "File lock request listener" [_thread_in_native, id=21740, stack(0x0000006a45100000,0x0000006a45200000)]
  0x00000236f78d1c40 JavaThread "Cache worker for file hash cache (C:\Users\qkdlf\.gradle\caches\7.5\fileHashes)" [_thread_blocked, id=15380, stack(0x0000006a45200000,0x0000006a45300000)]

Other Threads:
  0x00000236f5a62e20 VMThread "VM Thread" [stack: 0x0000006a43600000,0x0000006a43700000] [id=22900]
  0x00000236f63ea630 WatcherThread [stack: 0x0000006a44100000,0x0000006a44200000] [id=17336]
  0x00000236db09bb90 GCTaskThread "GC Thread#0" [stack: 0x0000006a43100000,0x0000006a43200000] [id=8288]
  0x00000236f6a830d0 GCTaskThread "GC Thread#1" [stack: 0x0000006a44300000,0x0000006a44400000] [id=7644]
  0x00000236f6a863d0 GCTaskThread "GC Thread#2" [stack: 0x0000006a44400000,0x0000006a44500000] [id=17180]
  0x00000236f6a84a50 GCTaskThread "GC Thread#3" [stack: 0x0000006a44500000,0x0000006a44600000] [id=4016]
  0x00000236db0a1c00 ConcurrentGCThread "G1 Main Marker" [stack: 0x0000006a43200000,0x0000006a43300000] [id=17972]
  0x00000236db0a2ea0 ConcurrentGCThread "G1 Conc#0" [stack: 0x0000006a43300000,0x0000006a43400000] [id=22004]
  0x00000236db14cd40 ConcurrentGCThread "G1 Refine#0" [stack: 0x0000006a43400000,0x0000006a43500000] [id=19304]
  0x00000236db14d850 ConcurrentGCThread "G1 Young RemSet Sampling" [stack: 0x0000006a43500000,0x0000006a43600000] [id=19696]

Threads with active compile tasks:
C2 CompilerThread0     3117 2027   !   4       java.lang.ClassLoader::loadClass (122 bytes)
C2 CompilerThread1     3117 2082   !   4       java.net.URLClassLoader::findClass (47 bytes)

VM state: not at safepoint (normal execution)

VM Mutex/Monitor currently owned by a thread: None

Heap address: 0x00000000e0000000, size: 512 MB, Compressed Oops mode: 32-bit
CDS archive(s) mapped at: [0x0000000800000000-0x0000000800b50000-0x0000000800b50000), size 11862016, SharedBaseAddress: 0x0000000800000000, ArchiveRelocationMode: 0.
Compressed class space mapped at: 0x0000000800b50000-0x0000000810350000, size: 260046848
Narrow klass base: 0x0000000800000000, Narrow klass shift: 3, Narrow klass range: 0x100000000

GC Precious Log:
 CPUs: 4 total, 4 available
 Memory: 8072M
 Large Page Support: Disabled
 NUMA Support: Disabled
 Compressed Oops: Enabled (32-bit)
 Heap Region Size: 1M
 Heap Min Capacity: 256M
 Heap Initial Capacity: 256M
 Heap Max Capacity: 512M
 Pre-touch: Disabled
 Parallel Workers: 4
 Concurrent Workers: 1
 Concurrent Refinement Workers: 4
 Periodic GC: Disabled

Heap:
 garbage-first heap   total 262144K, used 89326K [0x00000000e0000000, 0x0000000100000000)
  region size 1024K, 78 young (79872K), 1 survivors (1024K)
 Metaspace       used 16820K, capacity 17300K, committed 17408K, reserved 270336K
  class space    used 2404K, capacity 2553K, committed 2560K, reserved 253952K

Heap Regions: E=young(eden), S=young(survivor), O=old, HS=humongous(starts), HC=humongous(continues), CS=collection set, F=free, OA=open archive, CA=closed archive, TAMS=top-at-mark-start (previous, next)
|   0|0x00000000e0000000, 0x00000000e0100000, 0x00000000e0100000|100%|HS|  |TAMS 0x00000000e0000000, 0x00000000e0000000| Complete 
|   1|0x00000000e0100000, 0x00000000e0200000, 0x00000000e0200000|100%|HC|  |TAMS 0x00000000e0100000, 0x00000000e0100000| Complete 
|   2|0x00000000e0200000, 0x00000000e0300000, 0x00000000e0300000|100%|HC|  |TAMS 0x00000000e0200000, 0x00000000e0200000| Complete 
|   3|0x00000000e0300000, 0x00000000e0400000, 0x00000000e0400000|100%| O|  |TAMS 0x00000000e0300000, 0x00000000e0300000| Untracked 
|   4|0x00000000e0400000, 0x00000000e0500000, 0x00000000e0500000|100%| O|  |TAMS 0x00000000e0400000, 0x00000000e0400000| Untracked 
|   5|0x00000000e0500000, 0x00000000e0600000, 0x00000000e0600000|100%| O|  |TAMS 0x00000000e0500000, 0x00000000e0500000| Untracked 
|   6|0x00000000e0600000, 0x00000000e0700000, 0x00000000e0700000|100%| O|  |TAMS 0x00000000e0600000, 0x00000000e0600000| Untracked 
|   7|0x00000000e0700000, 0x00000000e0800000, 0x00000000e0800000|100%| O|  |TAMS 0x00000000e0700000, 0x00000000e0700000| Untracked 
|   8|0x00000000e0800000, 0x00000000e0900000, 0x00000000e0900000|100%| O|  |TAMS 0x00000000e0800000, 0x00000000e0800000| Untracked 
|   9|0x00000000e0900000, 0x00000000e099e000, 0x00000000e0a00000| 61%| O|  |TAMS 0x00000000e0900000, 0x00000000e0900000| Untracked 
|  10|0x00000000e0a00000, 0x00000000e0b00000, 0x00000000e0b00000|100%|HS|  |TAMS 0x00000000e0a00000, 0x00000000e0a00000| Complete 
|  11|0x00000000e0b00000, 0x00000000e0b00000, 0x00000000e0c00000|  0%| F|  |TAMS 0x00000000e0b00000, 0x00000000e0b00000| Untracked 
|  12|0x00000000e0c00000, 0x00000000e0c00000, 0x00000000e0d00000|  0%| F|  |TAMS 0x00000000e0c00000, 0x00000000e0c00000| Untracked 
|  13|0x00000000e0d00000, 0x00000000e0d00000, 0x00000000e0e00000|  0%| F|  |TAMS 0x00000000e0d00000, 0x00000000e0d00000| Untracked 
|  14|0x00000000e0e00000, 0x00000000e0e00000, 0x00000000e0f00000|  0%| F|  |TAMS 0x00000000e0e00000, 0x00000000e0e00000| Untracked 
|  15|0x00000000e0f00000, 0x00000000e0f00000, 0x00000000e1000000|  0%| F|  |TAMS 0x00000000e0f00000, 0x00000000e0f00000| Untracked 
|  16|0x00000000e1000000, 0x00000000e1000000, 0x00000000e1100000|  0%| F|  |TAMS 0x00000000e1000000, 0x00000000e1000000| Untracked 
|  17|0x00000000e1100000, 0x00000000e1100000, 0x00000000e1200000|  0%| F|  |TAMS 0x00000000e1100000, 0x00000000e1100000| Untracked 
|  18|0x00000000e1200000, 0x00000000e1200000, 0x00000000e1300000|  0%| F|  |TAMS 0x00000000e1200000, 0x00000000e1200000| Untracked 
|  19|0x00000000e1300000, 0x00000000e1300000, 0x00000000e1400000|  0%| F|  |TAMS 0x00000000e1300000, 0x00000000e1300000| Untracked 
|  20|0x00000000e1400000, 0x00000000e1400000, 0x00000000e1500000|  0%| F|  |TAMS 0x00000000e1400000, 0x00000000e1400000| Untracked 
|  21|0x00000000e1500000, 0x00000000e1500000, 0x00000000e1600000|  0%| F|  |TAMS 0x00000000e1500000, 0x00000000e1500000| Untracked 
|  22|0x00000000e1600000, 0x00000000e1600000, 0x00000000e1700000|  0%| F|  |TAMS 0x00000000e1600000, 0x00000000e1600000| Untracked 
|  23|0x00000000e1700000, 0x00000000e1700000, 0x00000000e1800000|  0%| F|  |TAMS 0x00000000e1700000, 0x00000000e1700000| Untracked 
|  24|0x00000000e1800000, 0x00000000e1800000, 0x00000000e1900000|  0%| F|  |TAMS 0x00000000e1800000, 0x00000000e1800000| Untracked 
|  25|0x00000000e1900000, 0x00000000e1900000, 0x00000000e1a00000|  0%| F|  |TAMS 0x00000000e1900000, 0x00000000e1900000| Untracked 
|  26|0x00000000e1a00000, 0x00000000e1a00000, 0x00000000e1b00000|  0%| F|  |TAMS 0x00000000e1a00000, 0x00000000e1a00000| Untracked 
|  27|0x00000000e1b00000, 0x00000000e1b00000, 0x00000000e1c00000|  0%| F|  |TAMS 0x00000000e1b00000, 0x00000000e1b00000| Untracked 
|  28|0x00000000e1c00000, 0x00000000e1c00000, 0x00000000e1d00000|  0%| F|  |TAMS 0x00000000e1c00000, 0x00000000e1c00000| Untracked 
|  29|0x00000000e1d00000, 0x00000000e1d00000, 0x00000000e1e00000|  0%| F|  |TAMS 0x00000000e1d00000, 0x00000000e1d00000| Untracked 
|  30|0x00000000e1e00000, 0x00000000e1e00000, 0x00000000e1f00000|  0%| F|  |TAMS 0x00000000e1e00000, 0x00000000e1e00000| Untracked 
|  31|0x00000000e1f00000, 0x00000000e1f00000, 0x00000000e2000000|  0%| F|  |TAMS 0x00000000e1f00000, 0x00000000e1f00000| Untracked 
|  32|0x00000000e2000000, 0x00000000e2000000, 0x00000000e2100000|  0%| F|  |TAMS 0x00000000e2000000, 0x00000000e2000000| Untracked 
|  33|0x00000000e2100000, 0x00000000e2100000, 0x00000000e2200000|  0%| F|  |TAMS 0x00000000e2100000, 0x00000000e2100000| Untracked 
|  34|0x00000000e2200000, 0x00000000e2200000, 0x00000000e2300000|  0%| F|  |TAMS 0x00000000e2200000, 0x00000000e2200000| Untracked 
|  35|0x00000000e2300000, 0x00000000e2300000, 0x00000000e2400000|  0%| F|  |TAMS 0x00000000e2300000, 0x00000000e2300000| Untracked 
|  36|0x00000000e2400000, 0x00000000e2400000, 0x00000000e2500000|  0%| F|  |TAMS 0x00000000e2400000, 0x00000000e2400000| Untracked 
|  37|0x00000000e2500000, 0x00000000e2500000, 0x00000000e2600000|  0%| F|  |TAMS 0x00000000e2500000, 0x00000000e2500000| Untracked 
|  38|0x00000000e2600000, 0x00000000e2600000, 0x00000000e2700000|  0%| F|  |TAMS 0x00000000e2600000, 0x00000000e2600000| Untracked 
|  39|0x00000000e2700000, 0x00000000e2700000, 0x00000000e2800000|  0%| F|  |TAMS 0x00000000e2700000, 0x00000000e2700000| Untracked 
|  40|0x00000000e2800000, 0x00000000e2800000, 0x00000000e2900000|  0%| F|  |TAMS 0x00000000e2800000, 0x00000000e2800000| Untracked 
|  41|0x00000000e2900000, 0x00000000e2900000, 0x00000000e2a00000|  0%| F|  |TAMS 0x00000000e2900000, 0x00000000e2900000| Untracked 
|  42|0x00000000e2a00000, 0x00000000e2a00000, 0x00000000e2b00000|  0%| F|  |TAMS 0x00000000e2a00000, 0x00000000e2a00000| Untracked 
|  43|0x00000000e2b00000, 0x00000000e2b00000, 0x00000000e2c00000|  0%| F|  |TAMS 0x00000000e2b00000, 0x00000000e2b00000| Untracked 
|  44|0x00000000e2c00000, 0x00000000e2c00000, 0x00000000e2d00000|  0%| F|  |TAMS 0x00000000e2c00000, 0x00000000e2c00000| Untracked 
|  45|0x00000000e2d00000, 0x00000000e2d00000, 0x00000000e2e00000|  0%| F|  |TAMS 0x00000000e2d00000, 0x00000000e2d00000| Untracked 
|  46|0x00000000e2e00000, 0x00000000e2e00000, 0x00000000e2f00000|  0%| F|  |TAMS 0x00000000e2e00000, 0x00000000e2e00000| Untracked 
|  47|0x00000000e2f00000, 0x00000000e2f00000, 0x00000000e3000000|  0%| F|  |TAMS 0x00000000e2f00000, 0x00000000e2f00000| Untracked 
|  48|0x00000000e3000000, 0x00000000e3000000, 0x00000000e3100000|  0%| F|  |TAMS 0x00000000e3000000, 0x00000000e3000000| Untracked 
|  49|0x00000000e3100000, 0x00000000e3100000, 0x00000000e3200000|  0%| F|  |TAMS 0x00000000e3100000, 0x00000000e3100000| Untracked 
|  50|0x00000000e3200000, 0x00000000e3200000, 0x00000000e3300000|  0%| F|  |TAMS 0x00000000e3200000, 0x00000000e3200000| Untracked 
|  51|0x00000000e3300000, 0x00000000e3300000, 0x00000000e3400000|  0%| F|  |TAMS 0x00000000e3300000, 0x00000000e3300000| Untracked 
|  52|0x00000000e3400000, 0x00000000e3400000, 0x00000000e3500000|  0%| F|  |TAMS 0x00000000e3400000, 0x00000000e3400000| Untracked 
|  53|0x00000000e3500000, 0x00000000e3500000, 0x00000000e3600000|  0%| F|  |TAMS 0x00000000e3500000, 0x00000000e3500000| Untracked 
|  54|0x00000000e3600000, 0x00000000e3600000, 0x00000000e3700000|  0%| F|  |TAMS 0x00000000e3600000, 0x00000000e3600000| Untracked 
|  55|0x00000000e3700000, 0x00000000e3700000, 0x00000000e3800000|  0%| F|  |TAMS 0x00000000e3700000, 0x00000000e3700000| Untracked 
|  56|0x00000000e3800000, 0x00000000e3800000, 0x00000000e3900000|  0%| F|  |TAMS 0x00000000e3800000, 0x00000000e3800000| Untracked 
|  57|0x00000000e3900000, 0x00000000e3900000, 0x00000000e3a00000|  0%| F|  |TAMS 0x00000000e3900000, 0x00000000e3900000| Untracked 
|  58|0x00000000e3a00000, 0x00000000e3a00000, 0x00000000e3b00000|  0%| F|  |TAMS 0x00000000e3a00000, 0x00000000e3a00000| Untracked 
|  59|0x00000000e3b00000, 0x00000000e3b00000, 0x00000000e3c00000|  0%| F|  |TAMS 0x00000000e3b00000, 0x00000000e3b00000| Untracked 
|  60|0x00000000e3c00000, 0x00000000e3c00000, 0x00000000e3d00000|  0%| F|  |TAMS 0x00000000e3c00000, 0x00000000e3c00000| Untracked 
|  61|0x00000000e3d00000, 0x00000000e3d00000, 0x00000000e3e00000|  0%| F|  |TAMS 0x00000000e3d00000, 0x00000000e3d00000| Untracked 
|  62|0x00000000e3e00000, 0x00000000e3e00000, 0x00000000e3f00000|  0%| F|  |TAMS 0x00000000e3e00000, 0x00000000e3e00000| Untracked 
|  63|0x00000000e3f00000, 0x00000000e3f00000, 0x00000000e4000000|  0%| F|  |TAMS 0x00000000e3f00000, 0x00000000e3f00000| Untracked 
|  64|0x00000000e4000000, 0x00000000e4000000, 0x00000000e4100000|  0%| F|  |TAMS 0x00000000e4000000, 0x00000000e4000000| Untracked 
|  65|0x00000000e4100000, 0x00000000e4100000, 0x00000000e4200000|  0%| F|  |TAMS 0x00000000e4100000, 0x00000000e4100000| Untracked 
|  66|0x00000000e4200000, 0x00000000e4200000, 0x00000000e4300000|  0%| F|  |TAMS 0x00000000e4200000, 0x00000000e4200000| Untracked 
|  67|0x00000000e4300000, 0x00000000e4300000, 0x00000000e4400000|  0%| F|  |TAMS 0x00000000e4300000, 0x00000000e4300000| Untracked 
|  68|0x00000000e4400000, 0x00000000e4400000, 0x00000000e4500000|  0%| F|  |TAMS 0x00000000e4400000, 0x00000000e4400000| Untracked 
|  69|0x00000000e4500000, 0x00000000e4500000, 0x00000000e4600000|  0%| F|  |TAMS 0x00000000e4500000, 0x00000000e4500000| Untracked 
|  70|0x00000000e4600000, 0x00000000e4600000, 0x00000000e4700000|  0%| F|  |TAMS 0x00000000e4600000, 0x00000000e4600000| Untracked 
|  71|0x00000000e4700000, 0x00000000e4700000, 0x00000000e4800000|  0%| F|  |TAMS 0x00000000e4700000, 0x00000000e4700000| Untracked 
|  72|0x00000000e4800000, 0x00000000e4800000, 0x00000000e4900000|  0%| F|  |TAMS 0x00000000e4800000, 0x00000000e4800000| Untracked 
|  73|0x00000000e4900000, 0x00000000e4900000, 0x00000000e4a00000|  0%| F|  |TAMS 0x00000000e4900000, 0x00000000e4900000| Untracked 
|  74|0x00000000e4a00000, 0x00000000e4a00000, 0x00000000e4b00000|  0%| F|  |TAMS 0x00000000e4a00000, 0x00000000e4a00000| Untracked 
|  75|0x00000000e4b00000, 0x00000000e4b00000, 0x00000000e4c00000|  0%| F|  |TAMS 0x00000000e4b00000, 0x00000000e4b00000| Untracked 
|  76|0x00000000e4c00000, 0x00000000e4c00000, 0x00000000e4d00000|  0%| F|  |TAMS 0x00000000e4c00000, 0x00000000e4c00000| Untracked 
|  77|0x00000000e4d00000, 0x00000000e4d00000, 0x00000000e4e00000|  0%| F|  |TAMS 0x00000000e4d00000, 0x00000000e4d00000| Untracked 
|  78|0x00000000e4e00000, 0x00000000e4e00000, 0x00000000e4f00000|  0%| F|  |TAMS 0x00000000e4e00000, 0x00000000e4e00000| Untracked 
|  79|0x00000000e4f00000, 0x00000000e4f00000, 0x00000000e5000000|  0%| F|  |TAMS 0x00000000e4f00000, 0x00000000e4f00000| Untracked 
|  80|0x00000000e5000000, 0x00000000e5000000, 0x00000000e5100000|  0%| F|  |TAMS 0x00000000e5000000, 0x00000000e5000000| Untracked 
|  81|0x00000000e5100000, 0x00000000e5100000, 0x00000000e5200000|  0%| F|  |TAMS 0x00000000e5100000, 0x00000000e5100000| Untracked 
|  82|0x00000000e5200000, 0x00000000e5200000, 0x00000000e5300000|  0%| F|  |TAMS 0x00000000e5200000, 0x00000000e5200000| Untracked 
|  83|0x00000000e5300000, 0x00000000e5300000, 0x00000000e5400000|  0%| F|  |TAMS 0x00000000e5300000, 0x00000000e5300000| Untracked 
|  84|0x00000000e5400000, 0x00000000e5400000, 0x00000000e5500000|  0%| F|  |TAMS 0x00000000e5400000, 0x00000000e5400000| Untracked 
|  85|0x00000000e5500000, 0x00000000e5500000, 0x00000000e5600000|  0%| F|  |TAMS 0x00000000e5500000, 0x00000000e5500000| Untracked 
|  86|0x00000000e5600000, 0x00000000e5600000, 0x00000000e5700000|  0%| F|  |TAMS 0x00000000e5600000, 0x00000000e5600000| Untracked 
|  87|0x00000000e5700000, 0x00000000e5700000, 0x00000000e5800000|  0%| F|  |TAMS 0x00000000e5700000, 0x00000000e5700000| Untracked 
|  88|0x00000000e5800000, 0x00000000e5800000, 0x00000000e5900000|  0%| F|  |TAMS 0x00000000e5800000, 0x00000000e5800000| Untracked 
|  89|0x00000000e5900000, 0x00000000e5900000, 0x00000000e5a00000|  0%| F|  |TAMS 0x00000000e5900000, 0x00000000e5900000| Untracked 
|  90|0x00000000e5a00000, 0x00000000e5a00000, 0x00000000e5b00000|  0%| F|  |TAMS 0x00000000e5a00000, 0x00000000e5a00000| Untracked 
|  91|0x00000000e5b00000, 0x00000000e5b00000, 0x00000000e5c00000|  0%| F|  |TAMS 0x00000000e5b00000, 0x00000000e5b00000| Untracked 
|  92|0x00000000e5c00000, 0x00000000e5c00000, 0x00000000e5d00000|  0%| F|  |TAMS 0x00000000e5c00000, 0x00000000e5c00000| Untracked 
|  93|0x00000000e5d00000, 0x00000000e5d00000, 0x00000000e5e00000|  0%| F|  |TAMS 0x00000000e5d00000, 0x00000000e5d00000| Untracked 
|  94|0x00000000e5e00000, 0x00000000e5e00000, 0x00000000e5f00000|  0%| F|  |TAMS 0x00000000e5e00000, 0x00000000e5e00000| Untracked 
|  95|0x00000000e5f00000, 0x00000000e5f00000, 0x00000000e6000000|  0%| F|  |TAMS 0x00000000e5f00000, 0x00000000e5f00000| Untracked 
|  96|0x00000000e6000000, 0x00000000e6000000, 0x00000000e6100000|  0%| F|  |TAMS 0x00000000e6000000, 0x00000000e6000000| Untracked 
|  97|0x00000000e6100000, 0x00000000e6100000, 0x00000000e6200000|  0%| F|  |TAMS 0x00000000e6100000, 0x00000000e6100000| Untracked 
|  98|0x00000000e6200000, 0x00000000e6200000, 0x00000000e6300000|  0%| F|  |TAMS 0x00000000e6200000, 0x00000000e6200000| Untracked 
|  99|0x00000000e6300000, 0x00000000e6300000, 0x00000000e6400000|  0%| F|  |TAMS 0x00000000e6300000, 0x00000000e6300000| Untracked 
| 100|0x00000000e6400000, 0x00000000e6400000, 0x00000000e6500000|  0%| F|  |TAMS 0x00000000e6400000, 0x00000000e6400000| Untracked 
| 101|0x00000000e6500000, 0x00000000e6500000, 0x00000000e6600000|  0%| F|  |TAMS 0x00000000e6500000, 0x00000000e6500000| Untracked 
| 102|0x00000000e6600000, 0x00000000e6600000, 0x00000000e6700000|  0%| F|  |TAMS 0x00000000e6600000, 0x00000000e6600000| Untracked 
| 103|0x00000000e6700000, 0x00000000e6700000, 0x00000000e6800000|  0%| F|  |TAMS 0x00000000e6700000, 0x00000000e6700000| Untracked 
| 104|0x00000000e6800000, 0x00000000e6800000, 0x00000000e6900000|  0%| F|  |TAMS 0x00000000e6800000, 0x00000000e6800000| Untracked 
| 105|0x00000000e6900000, 0x00000000e6900000, 0x00000000e6a00000|  0%| F|  |TAMS 0x00000000e6900000, 0x00000000e6900000| Untracked 
| 106|0x00000000e6a00000, 0x00000000e6a00000, 0x00000000e6b00000|  0%| F|  |TAMS 0x00000000e6a00000, 0x00000000e6a00000| Untracked 
| 107|0x00000000e6b00000, 0x00000000e6b00000, 0x00000000e6c00000|  0%| F|  |TAMS 0x00000000e6b00000, 0x00000000e6b00000| Untracked 
| 108|0x00000000e6c00000, 0x00000000e6c00000, 0x00000000e6d00000|  0%| F|  |TAMS 0x00000000e6c00000, 0x00000000e6c00000| Untracked 
| 109|0x00000000e6d00000, 0x00000000e6d00000, 0x00000000e6e00000|  0%| F|  |TAMS 0x00000000e6d00000, 0x00000000e6d00000| Untracked 
| 110|0x00000000e6e00000, 0x00000000e6e00000, 0x00000000e6f00000|  0%| F|  |TAMS 0x00000000e6e00000, 0x00000000e6e00000| Untracked 
| 111|0x00000000e6f00000, 0x00000000e6f00000, 0x00000000e7000000|  0%| F|  |TAMS 0x00000000e6f00000, 0x00000000e6f00000| Untracked 
| 112|0x00000000e7000000, 0x00000000e7000000, 0x00000000e7100000|  0%| F|  |TAMS 0x00000000e7000000, 0x00000000e7000000| Untracked 
| 113|0x00000000e7100000, 0x00000000e7100000, 0x00000000e7200000|  0%| F|  |TAMS 0x00000000e7100000, 0x00000000e7100000| Untracked 
| 114|0x00000000e7200000, 0x00000000e7200000, 0x00000000e7300000|  0%| F|  |TAMS 0x00000000e7200000, 0x00000000e7200000| Untracked 
| 115|0x00000000e7300000, 0x00000000e7300000, 0x00000000e7400000|  0%| F|  |TAMS 0x00000000e7300000, 0x00000000e7300000| Untracked 
| 116|0x00000000e7400000, 0x00000000e7400000, 0x00000000e7500000|  0%| F|  |TAMS 0x00000000e7400000, 0x00000000e7400000| Untracked 
| 117|0x00000000e7500000, 0x00000000e7500000, 0x00000000e7600000|  0%| F|  |TAMS 0x00000000e7500000, 0x00000000e7500000| Untracked 
| 118|0x00000000e7600000, 0x00000000e7600000, 0x00000000e7700000|  0%| F|  |TAMS 0x00000000e7600000, 0x00000000e7600000| Untracked 
| 119|0x00000000e7700000, 0x00000000e7700000, 0x00000000e7800000|  0%| F|  |TAMS 0x00000000e7700000, 0x00000000e7700000| Untracked 
| 120|0x00000000e7800000, 0x00000000e7800000, 0x00000000e7900000|  0%| F|  |TAMS 0x00000000e7800000, 0x00000000e7800000| Untracked 
| 121|0x00000000e7900000, 0x00000000e7900000, 0x00000000e7a00000|  0%| F|  |TAMS 0x00000000e7900000, 0x00000000e7900000| Untracked 
| 122|0x00000000e7a00000, 0x00000000e7a00000, 0x00000000e7b00000|  0%| F|  |TAMS 0x00000000e7a00000, 0x00000000e7a00000| Untracked 
| 123|0x00000000e7b00000, 0x00000000e7b00000, 0x00000000e7c00000|  0%| F|  |TAMS 0x00000000e7b00000, 0x00000000e7b00000| Untracked 
| 124|0x00000000e7c00000, 0x00000000e7c00000, 0x00000000e7d00000|  0%| F|  |TAMS 0x00000000e7c00000, 0x00000000e7c00000| Untracked 
| 125|0x00000000e7d00000, 0x00000000e7d00000, 0x00000000e7e00000|  0%| F|  |TAMS 0x00000000e7d00000, 0x00000000e7d00000| Untracked 
| 126|0x00000000e7e00000, 0x00000000e7e00000, 0x00000000e7f00000|  0%| F|  |TAMS 0x00000000e7e00000, 0x00000000e7e00000| Untracked 
| 127|0x00000000e7f00000, 0x00000000e7f00000, 0x00000000e8000000|  0%| F|  |TAMS 0x00000000e7f00000, 0x00000000e7f00000| Untracked 
| 128|0x00000000e8000000, 0x00000000e8000000, 0x00000000e8100000|  0%| F|  |TAMS 0x00000000e8000000, 0x00000000e8000000| Untracked 
| 129|0x00000000e8100000, 0x00000000e8100000, 0x00000000e8200000|  0%| F|  |TAMS 0x00000000e8100000, 0x00000000e8100000| Untracked 
| 130|0x00000000e8200000, 0x00000000e8200000, 0x00000000e8300000|  0%| F|  |TAMS 0x00000000e8200000, 0x00000000e8200000| Untracked 
| 131|0x00000000e8300000, 0x00000000e8300000, 0x00000000e8400000|  0%| F|  |TAMS 0x00000000e8300000, 0x00000000e8300000| Untracked 
| 132|0x00000000e8400000, 0x00000000e8400000, 0x00000000e8500000|  0%| F|  |TAMS 0x00000000e8400000, 0x00000000e8400000| Untracked 
| 133|0x00000000e8500000, 0x00000000e8500000, 0x00000000e8600000|  0%| F|  |TAMS 0x00000000e8500000, 0x00000000e8500000| Untracked 
| 134|0x00000000e8600000, 0x00000000e8600000, 0x00000000e8700000|  0%| F|  |TAMS 0x00000000e8600000, 0x00000000e8600000| Untracked 
| 135|0x00000000e8700000, 0x00000000e8700000, 0x00000000e8800000|  0%| F|  |TAMS 0x00000000e8700000, 0x00000000e8700000| Untracked 
| 136|0x00000000e8800000, 0x00000000e8800000, 0x00000000e8900000|  0%| F|  |TAMS 0x00000000e8800000, 0x00000000e8800000| Untracked 
| 137|0x00000000e8900000, 0x00000000e8900000, 0x00000000e8a00000|  0%| F|  |TAMS 0x00000000e8900000, 0x00000000e8900000| Untracked 
| 138|0x00000000e8a00000, 0x00000000e8a00000, 0x00000000e8b00000|  0%| F|  |TAMS 0x00000000e8a00000, 0x00000000e8a00000| Untracked 
| 139|0x00000000e8b00000, 0x00000000e8b00000, 0x00000000e8c00000|  0%| F|  |TAMS 0x00000000e8b00000, 0x00000000e8b00000| Untracked 
| 140|0x00000000e8c00000, 0x00000000e8c00000, 0x00000000e8d00000|  0%| F|  |TAMS 0x00000000e8c00000, 0x00000000e8c00000| Untracked 
| 141|0x00000000e8d00000, 0x00000000e8d00000, 0x00000000e8e00000|  0%| F|  |TAMS 0x00000000e8d00000, 0x00000000e8d00000| Untracked 
| 142|0x00000000e8e00000, 0x00000000e8e00000, 0x00000000e8f00000|  0%| F|  |TAMS 0x00000000e8e00000, 0x00000000e8e00000| Untracked 
| 143|0x00000000e8f00000, 0x00000000e8f00000, 0x00000000e9000000|  0%| F|  |TAMS 0x00000000e8f00000, 0x00000000e8f00000| Untracked 
| 144|0x00000000e9000000, 0x00000000e9000000, 0x00000000e9100000|  0%| F|  |TAMS 0x00000000e9000000, 0x00000000e9000000| Untracked 
| 145|0x00000000e9100000, 0x00000000e9100000, 0x00000000e9200000|  0%| F|  |TAMS 0x00000000e9100000, 0x00000000e9100000| Untracked 
| 146|0x00000000e9200000, 0x00000000e9200000, 0x00000000e9300000|  0%| F|  |TAMS 0x00000000e9200000, 0x00000000e9200000| Untracked 
| 147|0x00000000e9300000, 0x00000000e9300000, 0x00000000e9400000|  0%| F|  |TAMS 0x00000000e9300000, 0x00000000e9300000| Untracked 
| 148|0x00000000e9400000, 0x00000000e9400000, 0x00000000e9500000|  0%| F|  |TAMS 0x00000000e9400000, 0x00000000e9400000| Untracked 
| 149|0x00000000e9500000, 0x00000000e9500000, 0x00000000e9600000|  0%| F|  |TAMS 0x00000000e9500000, 0x00000000e9500000| Untracked 
| 150|0x00000000e9600000, 0x00000000e9600000, 0x00000000e9700000|  0%| F|  |TAMS 0x00000000e9600000, 0x00000000e9600000| Untracked 
| 151|0x00000000e9700000, 0x00000000e9700000, 0x00000000e9800000|  0%| F|  |TAMS 0x00000000e9700000, 0x00000000e9700000| Untracked 
| 152|0x00000000e9800000, 0x00000000e9800000, 0x00000000e9900000|  0%| F|  |TAMS 0x00000000e9800000, 0x00000000e9800000| Untracked 
| 153|0x00000000e9900000, 0x00000000e9900000, 0x00000000e9a00000|  0%| F|  |TAMS 0x00000000e9900000, 0x00000000e9900000| Untracked 
| 154|0x00000000e9a00000, 0x00000000e9a00000, 0x00000000e9b00000|  0%| F|  |TAMS 0x00000000e9a00000, 0x00000000e9a00000| Untracked 
| 155|0x00000000e9b00000, 0x00000000e9b00000, 0x00000000e9c00000|  0%| F|  |TAMS 0x00000000e9b00000, 0x00000000e9b00000| Untracked 
| 156|0x00000000e9c00000, 0x00000000e9c00000, 0x00000000e9d00000|  0%| F|  |TAMS 0x00000000e9c00000, 0x00000000e9c00000| Untracked 
| 157|0x00000000e9d00000, 0x00000000e9d00000, 0x00000000e9e00000|  0%| F|  |TAMS 0x00000000e9d00000, 0x00000000e9d00000| Untracked 
| 158|0x00000000e9e00000, 0x00000000e9e00000, 0x00000000e9f00000|  0%| F|  |TAMS 0x00000000e9e00000, 0x00000000e9e00000| Untracked 
| 159|0x00000000e9f00000, 0x00000000e9f00000, 0x00000000ea000000|  0%| F|  |TAMS 0x00000000e9f00000, 0x00000000e9f00000| Untracked 
| 160|0x00000000ea000000, 0x00000000ea000000, 0x00000000ea100000|  0%| F|  |TAMS 0x00000000ea000000, 0x00000000ea000000| Untracked 
| 161|0x00000000ea100000, 0x00000000ea100000, 0x00000000ea200000|  0%| F|  |TAMS 0x00000000ea100000, 0x00000000ea100000| Untracked 
| 162|0x00000000ea200000, 0x00000000ea200000, 0x00000000ea300000|  0%| F|  |TAMS 0x00000000ea200000, 0x00000000ea200000| Untracked 
| 163|0x00000000ea300000, 0x00000000ea300000, 0x00000000ea400000|  0%| F|  |TAMS 0x00000000ea300000, 0x00000000ea300000| Untracked 
| 164|0x00000000ea400000, 0x00000000ea400000, 0x00000000ea500000|  0%| F|  |TAMS 0x00000000ea400000, 0x00000000ea400000| Untracked 
| 165|0x00000000ea500000, 0x00000000ea500000, 0x00000000ea600000|  0%| F|  |TAMS 0x00000000ea500000, 0x00000000ea500000| Untracked 
| 166|0x00000000ea600000, 0x00000000ea600000, 0x00000000ea700000|  0%| F|  |TAMS 0x00000000ea600000, 0x00000000ea600000| Untracked 
| 167|0x00000000ea700000, 0x00000000ea700000, 0x00000000ea800000|  0%| F|  |TAMS 0x00000000ea700000, 0x00000000ea700000| Untracked 
| 168|0x00000000ea800000, 0x00000000ea800000, 0x00000000ea900000|  0%| F|  |TAMS 0x00000000ea800000, 0x00000000ea800000| Untracked 
| 169|0x00000000ea900000, 0x00000000ea900000, 0x00000000eaa00000|  0%| F|  |TAMS 0x00000000ea900000, 0x00000000ea900000| Untracked 
| 170|0x00000000eaa00000, 0x00000000eaa00000, 0x00000000eab00000|  0%| F|  |TAMS 0x00000000eaa00000, 0x00000000eaa00000| Untracked 
| 171|0x00000000eab00000, 0x00000000eab00000, 0x00000000eac00000|  0%| F|  |TAMS 0x00000000eab00000, 0x00000000eab00000| Untracked 
| 172|0x00000000eac00000, 0x00000000eac00000, 0x00000000ead00000|  0%| F|  |TAMS 0x00000000eac00000, 0x00000000eac00000| Untracked 
| 173|0x00000000ead00000, 0x00000000ead00000, 0x00000000eae00000|  0%| F|  |TAMS 0x00000000ead00000, 0x00000000ead00000| Untracked 
| 174|0x00000000eae00000, 0x00000000eae00000, 0x00000000eaf00000|  0%| F|  |TAMS 0x00000000eae00000, 0x00000000eae00000| Untracked 
| 175|0x00000000eaf00000, 0x00000000eaf00000, 0x00000000eb000000|  0%| F|  |TAMS 0x00000000eaf00000, 0x00000000eaf00000| Untracked 
| 176|0x00000000eb000000, 0x00000000eb000000, 0x00000000eb100000|  0%| F|  |TAMS 0x00000000eb000000, 0x00000000eb000000| Untracked 
| 177|0x00000000eb100000, 0x00000000eb100000, 0x00000000eb200000|  0%| F|  |TAMS 0x00000000eb100000, 0x00000000eb100000| Untracked 
| 178|0x00000000eb200000, 0x00000000eb300000, 0x00000000eb300000|100%| E|  |TAMS 0x00000000eb200000, 0x00000000eb200000| Complete 
| 179|0x00000000eb300000, 0x00000000eb400000, 0x00000000eb400000|100%| E|CS|TAMS 0x00000000eb300000, 0x00000000eb300000| Complete 
| 180|0x00000000eb400000, 0x00000000eb500000, 0x00000000eb500000|100%| E|CS|TAMS 0x00000000eb400000, 0x00000000eb400000| Complete 
| 181|0x00000000eb500000, 0x00000000eb600000, 0x00000000eb600000|100%| E|CS|TAMS 0x00000000eb500000, 0x00000000eb500000| Complete 
| 182|0x00000000eb600000, 0x00000000eb700000, 0x00000000eb700000|100%| E|CS|TAMS 0x00000000eb600000, 0x00000000eb600000| Complete 
| 183|0x00000000eb700000, 0x00000000eb800000, 0x00000000eb800000|100%| E|CS|TAMS 0x00000000eb700000, 0x00000000eb700000| Complete 
| 184|0x00000000eb800000, 0x00000000eb900000, 0x00000000eb900000|100%| E|CS|TAMS 0x00000000eb800000, 0x00000000eb800000| Complete 
| 185|0x00000000eb900000, 0x00000000eba00000, 0x00000000eba00000|100%| E|CS|TAMS 0x00000000eb900000, 0x00000000eb900000| Complete 
| 186|0x00000000eba00000, 0x00000000ebb00000, 0x00000000ebb00000|100%| E|CS|TAMS 0x00000000eba00000, 0x00000000eba00000| Complete 
| 187|0x00000000ebb00000, 0x00000000ebc00000, 0x00000000ebc00000|100%| E|CS|TAMS 0x00000000ebb00000, 0x00000000ebb00000| Complete 
| 188|0x00000000ebc00000, 0x00000000ebd00000, 0x00000000ebd00000|100%| E|CS|TAMS 0x00000000ebc00000, 0x00000000ebc00000| Complete 
| 189|0x00000000ebd00000, 0x00000000ebe00000, 0x00000000ebe00000|100%| E|CS|TAMS 0x00000000ebd00000, 0x00000000ebd00000| Complete 
| 190|0x00000000ebe00000, 0x00000000ebf00000, 0x00000000ebf00000|100%| E|CS|TAMS 0x00000000ebe00000, 0x00000000ebe00000| Complete 
| 191|0x00000000ebf00000, 0x00000000ec000000, 0x00000000ec000000|100%| E|CS|TAMS 0x00000000ebf00000, 0x00000000ebf00000| Complete 
| 192|0x00000000ec000000, 0x00000000ec100000, 0x00000000ec100000|100%| E|CS|TAMS 0x00000000ec000000, 0x00000000ec000000| Complete 
| 193|0x00000000ec100000, 0x00000000ec200000, 0x00000000ec200000|100%| E|CS|TAMS 0x00000000ec100000, 0x00000000ec100000| Complete 
| 194|0x00000000ec200000, 0x00000000ec300000, 0x00000000ec300000|100%| E|CS|TAMS 0x00000000ec200000, 0x00000000ec200000| Complete 
| 195|0x00000000ec300000, 0x00000000ec400000, 0x00000000ec400000|100%| E|CS|TAMS 0x00000000ec300000, 0x00000000ec300000| Complete 
| 196|0x00000000ec400000, 0x00000000ec500000, 0x00000000ec500000|100%| E|CS|TAMS 0x00000000ec400000, 0x00000000ec400000| Complete 
| 197|0x00000000ec500000, 0x00000000ec600000, 0x00000000ec600000|100%| E|CS|TAMS 0x00000000ec500000, 0x00000000ec500000| Complete 
| 198|0x00000000ec600000, 0x00000000ec700000, 0x00000000ec700000|100%| E|CS|TAMS 0x00000000ec600000, 0x00000000ec600000| Complete 
| 199|0x00000000ec700000, 0x00000000ec800000, 0x00000000ec800000|100%| E|CS|TAMS 0x00000000ec700000, 0x00000000ec700000| Complete 
| 200|0x00000000ec800000, 0x00000000ec900000, 0x00000000ec900000|100%| E|CS|TAMS 0x00000000ec800000, 0x00000000ec800000| Complete 
| 201|0x00000000ec900000, 0x00000000eca00000, 0x00000000eca00000|100%| E|CS|TAMS 0x00000000ec900000, 0x00000000ec900000| Complete 
| 202|0x00000000eca00000, 0x00000000ecb00000, 0x00000000ecb00000|100%| E|CS|TAMS 0x00000000eca00000, 0x00000000eca00000| Complete 
| 203|0x00000000ecb00000, 0x00000000ecc00000, 0x00000000ecc00000|100%| E|CS|TAMS 0x00000000ecb00000, 0x00000000ecb00000| Complete 
| 204|0x00000000ecc00000, 0x00000000ecd00000, 0x00000000ecd00000|100%| E|CS|TAMS 0x00000000ecc00000, 0x00000000ecc00000| Complete 
| 205|0x00000000ecd00000, 0x00000000ece00000, 0x00000000ece00000|100%| E|CS|TAMS 0x00000000ecd00000, 0x00000000ecd00000| Complete 
| 206|0x00000000ece00000, 0x00000000ecf00000, 0x00000000ecf00000|100%| E|CS|TAMS 0x00000000ece00000, 0x00000000ece00000| Complete 
| 207|0x00000000ecf00000, 0x00000000ed000000, 0x00000000ed000000|100%| E|CS|TAMS 0x00000000ecf00000, 0x00000000ecf00000| Complete 
| 208|0x00000000ed000000, 0x00000000ed100000, 0x00000000ed100000|100%| E|CS|TAMS 0x00000000ed000000, 0x00000000ed000000| Complete 
| 209|0x00000000ed100000, 0x00000000ed200000, 0x00000000ed200000|100%| E|CS|TAMS 0x00000000ed100000, 0x00000000ed100000| Complete 
| 210|0x00000000ed200000, 0x00000000ed300000, 0x00000000ed300000|100%| E|CS|TAMS 0x00000000ed200000, 0x00000000ed200000| Complete 
| 211|0x00000000ed300000, 0x00000000ed400000, 0x00000000ed400000|100%| E|CS|TAMS 0x00000000ed300000, 0x00000000ed300000| Complete 
| 212|0x00000000ed400000, 0x00000000ed500000, 0x00000000ed500000|100%| E|CS|TAMS 0x00000000ed400000, 0x00000000ed400000| Complete 
| 213|0x00000000ed500000, 0x00000000ed600000, 0x00000000ed600000|100%| E|CS|TAMS 0x00000000ed500000, 0x00000000ed500000| Complete 
| 214|0x00000000ed600000, 0x00000000ed700000, 0x00000000ed700000|100%| E|CS|TAMS 0x00000000ed600000, 0x00000000ed600000| Complete 
| 215|0x00000000ed700000, 0x00000000ed800000, 0x00000000ed800000|100%| E|CS|TAMS 0x00000000ed700000, 0x00000000ed700000| Complete 
| 216|0x00000000ed800000, 0x00000000ed900000, 0x00000000ed900000|100%| E|CS|TAMS 0x00000000ed800000, 0x00000000ed800000| Complete 
| 217|0x00000000ed900000, 0x00000000eda00000, 0x00000000eda00000|100%| E|CS|TAMS 0x00000000ed900000, 0x00000000ed900000| Complete 
| 218|0x00000000eda00000, 0x00000000edb00000, 0x00000000edb00000|100%| E|CS|TAMS 0x00000000eda00000, 0x00000000eda00000| Complete 
| 219|0x00000000edb00000, 0x00000000edc00000, 0x00000000edc00000|100%| E|CS|TAMS 0x00000000edb00000, 0x00000000edb00000| Complete 
| 220|0x00000000edc00000, 0x00000000edd00000, 0x00000000edd00000|100%| E|CS|TAMS 0x00000000edc00000, 0x00000000edc00000| Complete 
| 221|0x00000000edd00000, 0x00000000ede00000, 0x00000000ede00000|100%| E|CS|TAMS 0x00000000edd00000, 0x00000000edd00000| Complete 
| 222|0x00000000ede00000, 0x00000000edf00000, 0x00000000edf00000|100%| E|CS|TAMS 0x00000000ede00000, 0x00000000ede00000| Complete 
| 223|0x00000000edf00000, 0x00000000ee000000, 0x00000000ee000000|100%| E|CS|TAMS 0x00000000edf00000, 0x00000000edf00000| Complete 
| 224|0x00000000ee000000, 0x00000000ee100000, 0x00000000ee100000|100%| E|CS|TAMS 0x00000000ee000000, 0x00000000ee000000| Complete 
| 225|0x00000000ee100000, 0x00000000ee200000, 0x00000000ee200000|100%| E|CS|TAMS 0x00000000ee100000, 0x00000000ee100000| Complete 
| 226|0x00000000ee200000, 0x00000000ee300000, 0x00000000ee300000|100%| E|CS|TAMS 0x00000000ee200000, 0x00000000ee200000| Complete 
| 227|0x00000000ee300000, 0x00000000ee400000, 0x00000000ee400000|100%| E|CS|TAMS 0x00000000ee300000, 0x00000000ee300000| Complete 
| 228|0x00000000ee400000, 0x00000000ee500000, 0x00000000ee500000|100%| E|CS|TAMS 0x00000000ee400000, 0x00000000ee400000| Complete 
| 229|0x00000000ee500000, 0x00000000ee600000, 0x00000000ee600000|100%| E|CS|TAMS 0x00000000ee500000, 0x00000000ee500000| Complete 
| 230|0x00000000ee600000, 0x00000000ee700000, 0x00000000ee700000|100%| E|CS|TAMS 0x00000000ee600000, 0x00000000ee600000| Complete 
| 231|0x00000000ee700000, 0x00000000ee800000, 0x00000000ee800000|100%| E|CS|TAMS 0x00000000ee700000, 0x00000000ee700000| Complete 
| 232|0x00000000ee800000, 0x00000000ee89d880, 0x00000000ee900000| 61%| S|CS|TAMS 0x00000000ee800000, 0x00000000ee800000| Complete 
| 233|0x00000000ee900000, 0x00000000eea00000, 0x00000000eea00000|100%| E|CS|TAMS 0x00000000ee900000, 0x00000000ee900000| Complete 
| 234|0x00000000eea00000, 0x00000000eeb00000, 0x00000000eeb00000|100%| E|CS|TAMS 0x00000000eea00000, 0x00000000eea00000| Complete 
| 235|0x00000000eeb00000, 0x00000000eec00000, 0x00000000eec00000|100%| E|CS|TAMS 0x00000000eeb00000, 0x00000000eeb00000| Complete 
| 236|0x00000000eec00000, 0x00000000eed00000, 0x00000000eed00000|100%| E|CS|TAMS 0x00000000eec00000, 0x00000000eec00000| Complete 
| 237|0x00000000eed00000, 0x00000000eee00000, 0x00000000eee00000|100%| E|CS|TAMS 0x00000000eed00000, 0x00000000eed00000| Complete 
| 238|0x00000000eee00000, 0x00000000eef00000, 0x00000000eef00000|100%| E|CS|TAMS 0x00000000eee00000, 0x00000000eee00000| Complete 
| 239|0x00000000eef00000, 0x00000000ef000000, 0x00000000ef000000|100%| E|CS|TAMS 0x00000000eef00000, 0x00000000eef00000| Complete 
| 240|0x00000000ef000000, 0x00000000ef100000, 0x00000000ef100000|100%| E|CS|TAMS 0x00000000ef000000, 0x00000000ef000000| Complete 
| 241|0x00000000ef100000, 0x00000000ef200000, 0x00000000ef200000|100%| E|CS|TAMS 0x00000000ef100000, 0x00000000ef100000| Complete 
| 242|0x00000000ef200000, 0x00000000ef300000, 0x00000000ef300000|100%| E|CS|TAMS 0x00000000ef200000, 0x00000000ef200000| Complete 
| 243|0x00000000ef300000, 0x00000000ef400000, 0x00000000ef400000|100%| E|CS|TAMS 0x00000000ef300000, 0x00000000ef300000| Complete 
| 244|0x00000000ef400000, 0x00000000ef500000, 0x00000000ef500000|100%| E|CS|TAMS 0x00000000ef400000, 0x00000000ef400000| Complete 
| 245|0x00000000ef500000, 0x00000000ef600000, 0x00000000ef600000|100%| E|CS|TAMS 0x00000000ef500000, 0x00000000ef500000| Complete 
| 246|0x00000000ef600000, 0x00000000ef700000, 0x00000000ef700000|100%| E|CS|TAMS 0x00000000ef600000, 0x00000000ef600000| Complete 
| 247|0x00000000ef700000, 0x00000000ef800000, 0x00000000ef800000|100%| E|CS|TAMS 0x00000000ef700000, 0x00000000ef700000| Complete 
| 248|0x00000000ef800000, 0x00000000ef900000, 0x00000000ef900000|100%| E|CS|TAMS 0x00000000ef800000, 0x00000000ef800000| Complete 
| 249|0x00000000ef900000, 0x00000000efa00000, 0x00000000efa00000|100%| E|CS|TAMS 0x00000000ef900000, 0x00000000ef900000| Complete 
| 250|0x00000000efa00000, 0x00000000efb00000, 0x00000000efb00000|100%| E|CS|TAMS 0x00000000efa00000, 0x00000000efa00000| Complete 
| 251|0x00000000efb00000, 0x00000000efc00000, 0x00000000efc00000|100%| E|CS|TAMS 0x00000000efb00000, 0x00000000efb00000| Complete 
| 252|0x00000000efc00000, 0x00000000efd00000, 0x00000000efd00000|100%| E|CS|TAMS 0x00000000efc00000, 0x00000000efc00000| Complete 
| 253|0x00000000efd00000, 0x00000000efe00000, 0x00000000efe00000|100%| E|CS|TAMS 0x00000000efd00000, 0x00000000efd00000| Complete 
| 254|0x00000000efe00000, 0x00000000eff00000, 0x00000000eff00000|100%| E|CS|TAMS 0x00000000efe00000, 0x00000000efe00000| Complete 
| 255|0x00000000eff00000, 0x00000000f0000000, 0x00000000f0000000|100%| E|CS|TAMS 0x00000000eff00000, 0x00000000eff00000| Complete 

Card table byte_map: [0x00000236f22b0000,0x00000236f23b0000] _byte_map_base: 0x00000236f1bb0000

Marking Bits (Prev, Next): (CMBitMap*) 0x00000236db09d2a0, (CMBitMap*) 0x00000236db09d2e0
 Prev Bits: [0x00000236f24b0000, 0x00000236f2cb0000)
 Next Bits: [0x00000236f2cb0000, 0x00000236f34b0000)

Polling page: 0x00000236d8f00000

Metaspace:

Usage:
  Non-class:     14.53 MB capacity,    14.16 MB ( 97%) used,   358.38 KB (  2%) free+waste,    25.50 KB ( <1%) overhead. 
      Class:      2.49 MB capacity,     2.36 MB ( 95%) used,   123.16 KB (  5%) free+waste,    12.25 KB ( <1%) overhead. 
       Both:     17.03 MB capacity,    16.52 MB ( 97%) used,   481.54 KB (  3%) free+waste,    37.75 KB ( <1%) overhead. 

Virtual space:
  Non-class space:       16.00 MB reserved,      14.75 MB ( 92%) committed 
      Class space:      248.00 MB reserved,       2.50 MB (  1%) committed 
             Both:      264.00 MB reserved,      17.25 MB (  7%) committed 

Chunk freelists:
   Non-Class:  32.00 KB
       Class:  6.00 KB
        Both:  38.00 KB

MaxMetaspaceSize: 256.00 MB
CompressedClassSpaceSize: 248.00 MB

CodeHeap 'non-profiled nmethods': size=120000Kb used=1052Kb max_used=1052Kb free=118947Kb
 bounds [0x00000236ead80000, 0x00000236eaff0000, 0x00000236f22b0000]
CodeHeap 'profiled nmethods': size=120000Kb used=4399Kb max_used=4399Kb free=115600Kb
 bounds [0x00000236e3850000, 0x00000236e3ca0000, 0x00000236ead80000]
CodeHeap 'non-nmethods': size=5760Kb used=1239Kb max_used=1268Kb free=4520Kb
 bounds [0x00000236e32b0000, 0x00000236e3520000, 0x00000236e3850000]
 total_blobs=2728 nmethods=2216 adapters=424
 compilation: enabled
              stopped_count=0, restarted_count=0
 full_count=0

Compilation events (20 events):
Event: 3.010 Thread 0x00000236f5a95b30 nmethod 2137 0x00000236e3c64490 code [0x00000236e3c647a0, 0x00000236e3c65d18]
Event: 3.010 Thread 0x00000236f5a95b30 2136       3       java.lang.reflect.Method::getRoot (5 bytes)
Event: 3.010 Thread 0x00000236f5a95b30 nmethod 2136 0x00000236e3c66310 code [0x00000236e3c664a0, 0x00000236e3c665b8]
Event: 3.010 Thread 0x00000236f5a95b30 2138       1       jdk.internal.reflect.ClassFileAssembler::getStack (5 bytes)
Event: 3.010 Thread 0x00000236f5a95b30 nmethod 2138 0x00000236eae83790 code [0x00000236eae83920, 0x00000236eae839d8]
Event: 3.010 Thread 0x00000236f5a95b30 2139   !   3       java.lang.reflect.Executable::declaredAnnotations (85 bytes)
Event: 3.011 Thread 0x00000236f5a95b30 nmethod 2139 0x00000236e3c66690 code [0x00000236e3c668c0, 0x00000236e3c671c8]
Event: 3.011 Thread 0x00000236f5a95b30 2140       3       sun.reflect.annotation.AnnotationInvocationHandler::invoke (178 bytes)
Event: 3.012 Thread 0x00000236f5a95b30 nmethod 2140 0x00000236e3c67510 code [0x00000236e3c67800, 0x00000236e3c68908]
Event: 3.012 Thread 0x00000236f5a95b30 2141       3       java.lang.Class::copyConstructors (38 bytes)
Event: 3.013 Thread 0x00000236f5a95b30 nmethod 2141 0x00000236e3c68e90 code [0x00000236e3c69100, 0x00000236e3c69c98]
Event: 3.013 Thread 0x00000236f5a95b30 2142       3       java.lang.invoke.MemberName::<init> (139 bytes)
Event: 3.014 Thread 0x00000236f5a95b30 nmethod 2142 0x00000236e3c6a110 code [0x00000236e3c6a440, 0x00000236e3c6b6b8]
Event: 3.014 Thread 0x00000236f5a95b30 2143       3       java.lang.invoke.MethodHandleNatives::findMethodHandleType (7 bytes)
Event: 3.015 Thread 0x00000236f5a95b30 nmethod 2143 0x00000236e3c6bc10 code [0x00000236e3c6bda0, 0x00000236e3c6bea8]
Event: 3.015 Thread 0x00000236f5a95b30 2144       3       jdk.internal.loader.AbstractClassLoaderValue::extractValue (17 bytes)
Event: 3.015 Thread 0x00000236f5a95b30 nmethod 2144 0x00000236e3c6bf90 code [0x00000236e3c6c140, 0x00000236e3c6c4c8]
Event: 3.016 Thread 0x00000236f5a95b30 2145       3       jdk.internal.org.objectweb.asm.MethodWriter::putFrame (549 bytes)
Event: 3.018 Thread 0x00000236f5a95b30 nmethod 2145 0x00000236e3c6c590 code [0x00000236e3c6c9e0, 0x00000236e3c6e478]
Event: 3.018 Thread 0x00000236f5a95b30 2146       3       jdk.internal.org.objectweb.asm.ClassWriter::toByteArray (1515 bytes)

GC Heap History (6 events):
Event: 0.502 GC heap before
{Heap before GC invocations=0 (full 0):
 garbage-first heap   total 262144K, used 15360K [0x00000000e0000000, 0x0000000100000000)
  region size 1024K, 13 young (13312K), 0 survivors (0K)
 Metaspace       used 1154K, capacity 4857K, committed 5120K, reserved 262144K
  class space    used 92K, capacity 467K, committed 512K, reserved 253952K
}
Event: 0.506 GC heap after
{Heap after GC invocations=1 (full 0):
 garbage-first heap   total 262144K, used 3823K [0x00000000e0000000, 0x0000000100000000)
  region size 1024K, 2 young (2048K), 2 survivors (2048K)
 Metaspace       used 1154K, capacity 4857K, committed 5120K, reserved 262144K
  class space    used 92K, capacity 467K, committed 512K, reserved 253952K
}
Event: 0.934 GC heap before
{Heap before GC invocations=1 (full 0):
 garbage-first heap   total 262144K, used 21231K [0x00000000e0000000, 0x0000000100000000)
  region size 1024K, 16 young (16384K), 2 survivors (2048K)
 Metaspace       used 3502K, capacity 6224K, committed 6400K, reserved 262144K
  class space    used 433K, capacity 708K, committed 768K, reserved 253952K
}
Event: 0.938 GC heap after
{Heap after GC invocations=2 (full 0):
 garbage-first heap   total 262144K, used 9662K [0x00000000e0000000, 0x0000000100000000)
  region size 1024K, 2 young (2048K), 2 survivors (2048K)
 Metaspace       used 3502K, capacity 6224K, committed 6400K, reserved 262144K
  class space    used 433K, capacity 708K, committed 768K, reserved 253952K
}
Event: 1.310 GC heap before
{Heap before GC invocations=2 (full 0):
 garbage-first heap   total 262144K, used 30142K [0x00000000e0000000, 0x0000000100000000)
  region size 1024K, 23 young (23552K), 2 survivors (2048K)
 Metaspace       used 4365K, capacity 6739K, committed 7040K, reserved 262144K
  class space    used 526K, capacity 773K, committed 896K, reserved 253952K
}
Event: 1.312 GC heap after
{Heap after GC invocations=3 (full 0):
 garbage-first heap   total 262144K, used 10478K [0x00000000e0000000, 0x0000000100000000)
  region size 1024K, 1 young (1024K), 1 survivors (1024K)
 Metaspace       used 4365K, capacity 6739K, committed 7040K, reserved 262144K
  class space    used 526K, capacity 773K, committed 896K, reserved 253952K
}

Deoptimization events (20 events):
Event: 2.990 Thread 0x00000236f7778710 Uncommon trap: trap_request=0xffffffc6 fr.pc=0x00000236eae64ea0 relative=0x0000000000001160
Event: 2.990 Thread 0x00000236f7778710 Uncommon trap: reason=bimorphic_or_optimized_type_check action=maybe_recompile pc=0x00000236eae64ea0 method=java.util.HashMap.putVal(ILjava/lang/Object;Ljava/lang/Object;ZZ)Ljava/lang/Object; @ 91 c2
Event: 2.990 Thread 0x00000236f7778710 DEOPT PACKING pc=0x00000236eae64ea0 sp=0x0000006a44cfad10
Event: 2.990 Thread 0x00000236f7778710 DEOPT UNPACKING pc=0x00000236e32fe42f sp=0x0000006a44cfac48 mode 2
Event: 2.990 Thread 0x00000236f7778710 Uncommon trap: trap_request=0xffffffc6 fr.pc=0x00000236eae7626c relative=0x000000000000080c
Event: 2.990 Thread 0x00000236f7778710 Uncommon trap: reason=bimorphic_or_optimized_type_check action=maybe_recompile pc=0x00000236eae7626c method=java.util.HashMap.getNode(Ljava/lang/Object;)Ljava/util/HashMap$Node; @ 63 c2
Event: 2.990 Thread 0x00000236f7778710 DEOPT PACKING pc=0x00000236eae7626c sp=0x0000006a44cfad30
Event: 2.990 Thread 0x00000236f7778710 DEOPT UNPACKING pc=0x00000236e32fe42f sp=0x0000006a44cfac68 mode 2
Event: 2.991 Thread 0x00000236f7778710 Uncommon trap: trap_request=0xffffffc6 fr.pc=0x00000236eae7626c relative=0x000000000000080c
Event: 2.991 Thread 0x00000236f7778710 Uncommon trap: reason=bimorphic_or_optimized_type_check action=maybe_recompile pc=0x00000236eae7626c method=java.util.HashMap.getNode(Ljava/lang/Object;)Ljava/util/HashMap$Node; @ 63 c2
Event: 2.991 Thread 0x00000236f7778710 DEOPT PACKING pc=0x00000236eae7626c sp=0x0000006a44cfad30
Event: 2.991 Thread 0x00000236f7778710 DEOPT UNPACKING pc=0x00000236e32fe42f sp=0x0000006a44cfac68 mode 2
Event: 2.991 Thread 0x00000236f7778710 Uncommon trap: trap_request=0xffffff45 fr.pc=0x00000236eadbc7bc relative=0x000000000000047c
Event: 2.991 Thread 0x00000236f7778710 Uncommon trap: reason=unstable_if action=reinterpret pc=0x00000236eadbc7bc method=java.util.HashMap.getNode(Ljava/lang/Object;)Ljava/util/HashMap$Node; @ 131 c2
Event: 2.991 Thread 0x00000236f7778710 DEOPT PACKING pc=0x00000236eadbc7bc sp=0x0000006a44cface0
Event: 2.991 Thread 0x00000236f7778710 DEOPT UNPACKING pc=0x00000236e32fe42f sp=0x0000006a44cfac70 mode 2
Event: 3.012 Thread 0x00000236f7778710 Uncommon trap: trap_request=0xffffff45 fr.pc=0x00000236eae7b534 relative=0x0000000000000294
Event: 3.012 Thread 0x00000236f7778710 Uncommon trap: reason=unstable_if action=reinterpret pc=0x00000236eae7b534 method=java.util.concurrent.ConcurrentHashMap.get(Ljava/lang/Object;)Ljava/lang/Object; @ 152 c2
Event: 3.012 Thread 0x00000236f7778710 DEOPT PACKING pc=0x00000236eae7b534 sp=0x0000006a44cfa290
Event: 3.012 Thread 0x00000236f7778710 DEOPT UNPACKING pc=0x00000236e32fe42f sp=0x0000006a44cfa1f8 mode 2

Classes unloaded (0 events):
No events

Classes redefined (0 events):
No events

Internal exceptions (20 events):
Event: 2.315 Thread 0x00000236f7771890 Exception <a 'java/lang/NoSuchMethodError'{0x00000000edd5b878}: static Lorg/gradle/tooling/internal/provider/serialization/ClassLoaderDetails;.<clinit>()V> (0x00000000edd5b878) 
thrown [./open/src/hotspot/share/prims/jni.cpp, line 1204]
Event: 2.317 Thread 0x00000236f7771890 Exception <a 'java/lang/NoSuchMethodError'{0x00000000edd72568}: static Lorg/gradle/internal/classloader/ClassLoaderSpec;.<clinit>()V> (0x00000000edd72568) 
thrown [./open/src/hotspot/share/prims/jni.cpp, line 1204]
Event: 2.318 Thread 0x00000236f7771890 Exception <a 'java/lang/NoSuchMethodError'{0x00000000edd7b6b0}: static Lorg/gradle/tooling/internal/provider/serialization/WellKnownClassLoaderRegistry$KnownClassLoaderSpec;.<clinit>()V> (0x00000000edd7b6b0) 
thrown [./open/src/hotspot/share/prims/jni.cpp, line 1204]
Event: 2.320 Thread 0x00000236f7771890 Exception <a 'java/lang/NoSuchMethodError'{0x00000000edd90338}: static Lorg/gradle/tooling/internal/provider/serialization/ClientOwnedClassLoaderSpec;.<clinit>()V> (0x00000000edd90338) 
thrown [./open/src/hotspot/share/prims/jni.cpp, line 1204]
Event: 2.379 Thread 0x00000236f7778710 Exception <a 'java/lang/NoSuchMethodError'{0x00000000edab7108}: 'long java.lang.invoke.DirectMethodHandle$Holder.invokeInterface(java.lang.Object, java.lang.Object)'> (0x00000000edab7108) 
thrown [./open/src/hotspot/share/interpreter/linkResolver.cpp, line 782]
Event: 2.381 Thread 0x00000236f7778710 Exception <a 'java/lang/NoSuchMethodError'{0x00000000edac5a28}: 'void java.lang.invoke.DelegatingMethodHandle$Holder.reinvoke_L(java.lang.Object, java.lang.Object, java.lang.Object, java.lang.Object, java.lang.Object, java.lang.Object, java.lang.Object)'> (0x00000000edac5a28) 
thrown [./open/src/hotspot/share/interpreter/linkResolver.cpp, line 782]
Event: 2.461 Thread 0x00000236f7778710 Exception <a 'java/lang/NoSuchMethodError'{0x00000000ed521d60}: 'void java.lang.invoke.DirectMethodHandle$Holder.invokeStaticInit(java.lang.Object)'> (0x00000000ed521d60) 
thrown [./open/src/hotspot/share/interpreter/linkResolver.cpp, line 782]
Event: 2.475 Thread 0x00000236f7778710 Exception <a 'java/lang/NoSuchMethodError'{0x00000000ed5d1530}: 'java.lang.Object java.lang.invoke.DirectMethodHandle$Holder.newInvokeSpecial(java.lang.Object, java.lang.Object, java.lang.Object, int)'> (0x00000000ed5d1530) 
thrown [./open/src/hotspot/share/interpreter/linkResolver.cpp, line 782]
Event: 2.475 Thread 0x00000236f7778710 Exception <a 'java/lang/NoSuchMethodError'{0x00000000ed5d5f68}: 'java.lang.Object java.lang.invoke.DirectMethodHandle$Holder.invokeSpecial(java.lang.Object, java.lang.Object, java.lang.Object, java.lang.Object, int)'> (0x00000000ed5d5f68) 
thrown [./open/src/hotspot/share/interpreter/linkResolver.cpp, line 782]
Event: 2.476 Thread 0x00000236f7778710 Exception <a 'java/lang/NoSuchMethodError'{0x00000000ed5da278}: 'java.lang.Object java.lang.invoke.Invokers$Holder.linkToTargetMethod(java.lang.Object, java.lang.Object, int, java.lang.Object)'> (0x00000000ed5da278) 
thrown [./open/src/hotspot/share/interpreter/linkResolver.cpp, line 782]
Event: 2.594 Thread 0x00000236f7778710 Exception <a 'java/lang/NoSuchMethodError'{0x00000000ecef1668}: 'java.lang.Object java.lang.invoke.DirectMethodHandle$Holder.newInvokeSpecial(java.lang.Object, java.lang.Object, java.lang.Object, java.lang.Object, java.lang.Object, java.lang.Object)'> (0x00000000ecef1668) 
thrown [./open/src/hotspot/share/interpreter/linkResolver.cpp, line 782]
Event: 2.727 Thread 0x00000236f7778710 Exception <a 'java/lang/NoSuchMethodError'{0x00000000ec55fe28}: 'int java.lang.invoke.DirectMethodHandle$Holder.invokeSpecialIFC(java.lang.Object, java.lang.Object, java.lang.Object, java.lang.Object)'> (0x00000000ec55fe28) 
thrown [./open/src/hotspot/share/interpreter/linkResolver.cpp, line 782]
Event: 2.730 Thread 0x00000236f7778710 Exception <a 'java/lang/NoSuchMethodError'{0x00000000ec56f818}: 'java.lang.Object java.lang.invoke.DirectMethodHandle$Holder.invokeInterface(java.lang.Object, java.lang.Object, java.lang.Object)'> (0x00000000ec56f818) 
thrown [./open/src/hotspot/share/interpreter/linkResolver.cpp, line 782]
Event: 2.730 Thread 0x00000236f7778710 Exception <a 'java/lang/IncompatibleClassChangeError'{0x00000000ec573600}: Found class java.lang.Object, but interface was expected> (0x00000000ec573600) 
thrown [./open/src/hotspot/share/interpreter/linkResolver.cpp, line 848]
Event: 2.786 Thread 0x00000236f7778710 Exception <a 'java/lang/NoSuchMethodError'{0x00000000ec2276c8}: 'int java.lang.invoke.DirectMethodHandle$Holder.invokeStatic(java.lang.Object, java.lang.Object, java.lang.Object, java.lang.Object)'> (0x00000000ec2276c8) 
thrown [./open/src/hotspot/share/interpreter/linkResolver.cpp, line 782]
Event: 2.787 Thread 0x00000236f7778710 Exception <a 'java/lang/NoSuchMethodError'{0x00000000ec22b770}: 'java.lang.Object java.lang.invoke.Invokers$Holder.invokeExact_MT(java.lang.Object, java.lang.Object, java.lang.Object, java.lang.Object, java.lang.Object, java.lang.Object)'> (0x00000000ec22b770) 
thrown [./open/src/hotspot/share/interpreter/linkResolver.cpp, line 782]
Event: 2.825 Thread 0x00000236f7778710 Exception <a 'java/lang/NoSuchMethodError'{0x00000000ec091c68}: 'void java.lang.invoke.DirectMethodHandle$Holder.invokeSpecial(java.lang.Object, java.lang.Object, java.lang.Object, java.lang.Object, java.lang.Object)'> (0x00000000ec091c68) 
thrown [./open/src/hotspot/share/interpreter/linkResolver.cpp, line 782]
Event: 2.850 Thread 0x00000236f7778710 Exception <a 'java/lang/NoSuchMethodError'{0x00000000ebfda660}: 'java.lang.Object java.lang.invoke.DirectMethodHandle$Holder.invokeSpecial(java.lang.Object, java.lang.Object, java.lang.Object, java.lang.Object, java.lang.Object, java.lang.Object, java.lang.Object, java.lang.Object, java.lang.Object)'> (0x00000000ebfda660) 
thrown [./open/src/hotspot/share/interpreter/linkResolver.cpp, line 782]
Event: 2.941 Thread 0x00000236f7778710 Exception <a 'java/lang/NoSuchMethodError'{0x00000000eba63d80}: 'java.lang.Object java.lang.invoke.DirectMethodHandle$Holder.invokeVirtual(java.lang.Object, java.lang.Object, java.lang.Object, java.lang.Object)'> (0x00000000eba63d80) 
thrown [./open/src/hotspot/share/interpreter/linkResolver.cpp, line 782]
Event: 3.005 Thread 0x00000236f7778710 Exception <a 'java/lang/NoSuchMethodError'{0x00000000eb8b9b60}: 'java.lang.Object java.lang.invoke.DirectMethodHandle$Holder.newInvokeSpecial(java.lang.Object, java.lang.Object, java.lang.Object, java.lang.Object, java.lang.Object)'> (0x00000000eb8b9b60) 
thrown [./open/src/hotspot/share/interpreter/linkResolver.cpp, line 782]

Events (20 events):
Event: 2.999 loading class sun/reflect/generics/reflectiveObjects/WildcardTypeImpl
Event: 2.999 loading class sun/reflect/generics/reflectiveObjects/WildcardTypeImpl done
Event: 3.000 loading class java/lang/annotation/ElementType
Event: 3.000 loading class java/lang/annotation/ElementType done
Event: 3.007 Executing VM operation: ICBufferFull
Event: 3.007 Executing VM operation: ICBufferFull done
Event: 3.009 loading class java/lang/Deprecated
Event: 3.009 loading class java/lang/Deprecated done
Event: 3.010 loading class jdk/internal/HotSpotIntrinsicCandidate
Event: 3.010 loading class jdk/internal/HotSpotIntrinsicCandidate done
Event: 3.018 loading class java/util/stream/MatchOps$MatchKind
Event: 3.018 loading class java/util/stream/MatchOps$MatchKind done
Event: 3.018 loading class java/util/stream/MatchOps
Event: 3.018 loading class java/util/stream/MatchOps done
Event: 3.018 loading class java/util/stream/MatchOps$MatchOp
Event: 3.018 loading class java/util/stream/MatchOps$MatchOp done
Event: 3.019 loading class java/util/stream/MatchOps$BooleanTerminalSink
Event: 3.019 loading class java/util/stream/MatchOps$BooleanTerminalSink done
Event: 3.019 loading class java/util/stream/MatchOps$1MatchSink
Event: 3.019 loading class java/util/stream/MatchOps$1MatchSink done


Dynamic libraries:
0x00007ff7b4210000 - 0x00007ff7b421f000 	C:\Program Files\Java\jdk-15.0.1\bin\java.exe
0x00007fff31290000 - 0x00007fff31488000 	C:\WINDOWS\SYSTEM32\ntdll.dll
0x00007fff30860000 - 0x00007fff3091d000 	C:\WINDOWS\System32\KERNEL32.DLL
0x00007fff2e9d0000 - 0x00007fff2eca2000 	C:\WINDOWS\System32\KERNELBASE.dll
0x00007fff2eeb0000 - 0x00007fff2efb0000 	C:\WINDOWS\System32\ucrtbase.dll
0x00007fff23460000 - 0x00007fff23479000 	C:\Program Files\Java\jdk-15.0.1\bin\VCRUNTIME140.dll
0x00007fff23480000 - 0x00007fff23498000 	C:\Program Files\Java\jdk-15.0.1\bin\jli.dll
0x00007fff31060000 - 0x00007fff3110e000 	C:\WINDOWS\System32\ADVAPI32.dll
0x00007fff2f5f0000 - 0x00007fff2f68e000 	C:\WINDOWS\System32\msvcrt.dll
0x00007fff2f920000 - 0x00007fff2f9bc000 	C:\WINDOWS\System32\sechost.dll
0x00007fff30920000 - 0x00007fff30a45000 	C:\WINDOWS\System32\RPCRT4.dll
0x00007fff30e60000 - 0x00007fff30ffd000 	C:\WINDOWS\System32\USER32.dll
0x00007fff2f020000 - 0x00007fff2f042000 	C:\WINDOWS\System32\win32u.dll
0x00007fff30610000 - 0x00007fff3063b000 	C:\WINDOWS\System32\GDI32.dll
0x00007fff2ecb0000 - 0x00007fff2edbf000 	C:\WINDOWS\System32\gdi32full.dll
0x00007fff1e0d0000 - 0x00007fff1e36a000 	C:\WINDOWS\WinSxS\amd64_microsoft.windows.common-controls_6595b64144ccf1df_6.0.19041.1110_none_60b5254171f9507e\COMCTL32.dll
0x00007fff2ee10000 - 0x00007fff2eead000 	C:\WINDOWS\System32\msvcp_win.dll
0x00007fff27840000 - 0x00007fff2784a000 	C:\WINDOWS\SYSTEM32\VERSION.dll
0x00007fff30710000 - 0x00007fff30740000 	C:\WINDOWS\System32\IMM32.DLL
0x00007fff24b80000 - 0x00007fff24b8c000 	C:\Program Files\Java\jdk-15.0.1\bin\vcruntime140_1.dll
0x00007fff02d50000 - 0x00007fff02de1000 	C:\Program Files\Java\jdk-15.0.1\bin\msvcp140.dll
0x00007ffecd6c0000 - 0x00007ffece21e000 	C:\Program Files\Java\jdk-15.0.1\bin\server\jvm.dll
0x00007fff30130000 - 0x00007fff30138000 	C:\WINDOWS\System32\PSAPI.DLL
0x00007fff229b0000 - 0x00007fff229d7000 	C:\WINDOWS\SYSTEM32\WINMM.dll
0x00007fff09620000 - 0x00007fff09629000 	C:\WINDOWS\SYSTEM32\WSOCK32.dll
0x00007fff311c0000 - 0x00007fff3122b000 	C:\WINDOWS\System32\WS2_32.dll
0x00007fff2c820000 - 0x00007fff2c832000 	C:\WINDOWS\SYSTEM32\kernel.appcore.dll
0x00007fff23450000 - 0x00007fff2345a000 	C:\Program Files\Java\jdk-15.0.1\bin\jimage.dll
0x00007fff1b780000 - 0x00007fff1b964000 	C:\WINDOWS\SYSTEM32\DBGHELP.DLL
0x00007fff1b750000 - 0x00007fff1b77c000 	C:\WINDOWS\SYSTEM32\dbgcore.DLL
0x00007fff2f100000 - 0x00007fff2f182000 	C:\WINDOWS\System32\bcryptPrimitives.dll
0x00007fff06de0000 - 0x00007fff06e05000 	C:\Program Files\Java\jdk-15.0.1\bin\java.dll
0x00007fff2f9e0000 - 0x00007fff30123000 	C:\WINDOWS\System32\SHELL32.dll
0x00007fff2ca20000 - 0x00007fff2d1b1000 	C:\WINDOWS\SYSTEM32\windows.storage.dll
0x00007fff30a50000 - 0x00007fff30da4000 	C:\WINDOWS\System32\combase.dll
0x00007fff2e400000 - 0x00007fff2e430000 	C:\WINDOWS\SYSTEM32\Wldp.dll
0x00007fff30db0000 - 0x00007fff30e5d000 	C:\WINDOWS\System32\SHCORE.dll
0x00007fff30140000 - 0x00007fff30195000 	C:\WINDOWS\System32\shlwapi.dll
0x00007fff2e8e0000 - 0x00007fff2e8ff000 	C:\WINDOWS\SYSTEM32\profapi.dll
0x00007fff1b9f0000 - 0x00007fff1ba09000 	C:\Program Files\Java\jdk-15.0.1\bin\net.dll
0x00007fff26d80000 - 0x00007fff26e8d000 	C:\WINDOWS\SYSTEM32\WINHTTP.dll
0x00007fff2e160000 - 0x00007fff2e1ca000 	C:\WINDOWS\system32\mswsock.dll
0x00007fff059c0000 - 0x00007fff059d2000 	C:\Program Files\Java\jdk-15.0.1\bin\nio.dll
0x00007fff059a0000 - 0x00007fff059b8000 	C:\Program Files\Java\jdk-15.0.1\bin\zip.dll
0x00007fff1bbc0000 - 0x00007fff1bbd0000 	C:\Program Files\Java\jdk-15.0.1\bin\verify.dll
0x00007fff05cf0000 - 0x00007fff05d17000 	C:\Users\qkdlf\.gradle\native\e1d6ef7f7dcc3fd88c89a11ec53ec762bb8ba0a96d01ffa2cd45eb1d1d8dd5c5\windows-amd64\native-platform.dll
0x00007ffefefe0000 - 0x00007ffeff124000 	C:\Users\qkdlf\.gradle\native\0d407fdbe67a94daf76414ababcb853783967236a71b16ec16e742cd7a986fd3\windows-amd64\native-platform-file-events.dll
0x00007fff26f60000 - 0x00007fff26f69000 	C:\Program Files\Java\jdk-15.0.1\bin\management.dll
0x00007fff26a50000 - 0x00007fff26a5b000 	C:\Program Files\Java\jdk-15.0.1\bin\management_ext.dll
0x00007fff2e360000 - 0x00007fff2e378000 	C:\WINDOWS\SYSTEM32\CRYPTSP.dll
0x00007fff2d9d0000 - 0x00007fff2da04000 	C:\WINDOWS\system32\rsaenh.dll
0x00007fff2e9a0000 - 0x00007fff2e9c7000 	C:\WINDOWS\System32\bcrypt.dll
0x00007fff2e860000 - 0x00007fff2e88e000 	C:\WINDOWS\SYSTEM32\USERENV.dll
0x00007fff2e350000 - 0x00007fff2e35c000 	C:\WINDOWS\SYSTEM32\CRYPTBASE.dll
0x00007fff2dde0000 - 0x00007fff2de1b000 	C:\WINDOWS\SYSTEM32\IPHLPAPI.DLL
0x00007fff2f9d0000 - 0x00007fff2f9d8000 	C:\WINDOWS\System32\NSI.dll
0x00007fff268d0000 - 0x00007fff268e7000 	C:\WINDOWS\SYSTEM32\dhcpcsvc6.DLL
0x00007fff26870000 - 0x00007fff2688d000 	C:\WINDOWS\SYSTEM32\dhcpcsvc.DLL
0x00007fff2de20000 - 0x00007fff2deea000 	C:\WINDOWS\SYSTEM32\DNSAPI.dll

dbghelp: loaded successfully - version: 4.0.5 - missing functions: none
symbol engine: initialized successfully - sym options: 0x614 - pdb path: .;C:\Program Files\Java\jdk-15.0.1\bin;C:\WINDOWS\SYSTEM32;C:\WINDOWS\WinSxS\amd64_microsoft.windows.common-controls_6595b64144ccf1df_6.0.19041.1110_none_60b5254171f9507e;C:\Program Files\Java\jdk-15.0.1\bin\server;C:\Users\qkdlf\.gradle\native\e1d6ef7f7dcc3fd88c89a11ec53ec762bb8ba0a96d01ffa2cd45eb1d1d8dd5c5\windows-amd64;C:\Users\qkdlf\.gradle\native\0d407fdbe67a94daf76414ababcb853783967236a71b16ec16e742cd7a986fd3\windows-amd64

VM Arguments:
jvm_args: --add-opens=java.base/java.util=ALL-UNNAMED --add-opens=java.base/java.lang=ALL-UNNAMED --add-opens=java.base/java.lang.invoke=ALL-UNNAMED --add-opens=java.base/java.util=ALL-UNNAMED --add-opens=java.prefs/java.util.prefs=ALL-UNNAMED --add-opens=java.prefs/java.util.prefs=ALL-UNNAMED --add-opens=java.base/java.nio.charset=ALL-UNNAMED --add-opens=java.base/java.net=ALL-UNNAMED --add-opens=java.base/java.util.concurrent.atomic=ALL-UNNAMED -XX:MaxMetaspaceSize=256m -XX:+HeapDumpOnOutOfMemoryError -Xms256m -Xmx512m -Dfile.encoding=UTF-8 -Duser.country=KR -Duser.language=ko -Duser.variant 
java_command: org.gradle.launcher.daemon.bootstrap.GradleDaemon 7.5
java_class_path (initial): C:\Users\qkdlf\.gradle\wrapper\dists\gradle-7.5-bin\f1w0cc9nuo0eivz97x2xlu9sv\gradle-7.5\lib\gradle-launcher-7.5.jar
Launcher Type: SUN_STANDARD

[Global flags]
     intx CICompilerCount                          = 3                                         {product} {ergonomic}
   size_t CompressedClassSpaceSize                 = 260046848                                 {product} {ergonomic}
     uint ConcGCThreads                            = 1                                         {product} {ergonomic}
     uint G1ConcRefinementThreads                  = 4                                         {product} {ergonomic}
   size_t G1HeapRegionSize                         = 1048576                                   {product} {ergonomic}
    uintx GCDrainStackTargetSize                   = 64                                        {product} {ergonomic}
     bool HeapDumpOnOutOfMemoryError               = true                                   {manageable} {command line}
   size_t InitialHeapSize                          = 268435456                                 {product} {command line}
   size_t MarkStackSize                            = 4194304                                   {product} {ergonomic}
   size_t MaxHeapSize                              = 536870912                                 {product} {command line}
   size_t MaxMetaspaceSize                         = 268435456                                 {product} {command line}
   size_t MaxNewSize                               = 321912832                                 {product} {ergonomic}
   size_t MinHeapDeltaBytes                        = 1048576                                   {product} {ergonomic}
   size_t MinHeapSize                              = 268435456                                 {product} {command line}
    uintx NonNMethodCodeHeapSize                   = 5832780                                {pd product} {ergonomic}
    uintx NonProfiledCodeHeapSize                  = 122912730                              {pd product} {ergonomic}
    uintx ProfiledCodeHeapSize                     = 122912730                              {pd product} {ergonomic}
    uintx ReservedCodeCacheSize                    = 251658240                              {pd product} {ergonomic}
     bool SegmentedCodeCache                       = true                                      {product} {ergonomic}
   size_t SoftMaxHeapSize                          = 536870912                              {manageable} {ergonomic}
     bool UseCompressedClassPointers               = true                                 {lp64_product} {ergonomic}
     bool UseCompressedOops                        = true                                 {lp64_product} {ergonomic}
     bool UseG1GC                                  = true                                      {product} {ergonomic}
     bool UseLargePagesIndividualAllocation        = false                                  {pd product} {ergonomic}

Logging:
Log output configuration:
 #0: stdout all=warning uptime,level,tags
 #1: stderr all=off uptime,level,tags

Environment Variables:
JAVA_HOME=C:\Program Files\Java\jdk-15.0.1
PATH=D:\oracleDatabase\WINDOWS.X64_193000_db_home\bin;C:\xampp\mysql\bin;C:\Program Files (x86)\Windows Resource Kits\Tools\;C:\Users\qkdlf\OneDrive\바탕 화면\tool\spring5\gradle-7.1\bin;C:\Users\qkdlf\OneDrive\바탕 화면\tool\spring5\apache-maven-3.8.1\bin;C:\Program Files\Java\jdk-15.0.1\bin;C:\Program Files\Common Files\Oracle\Java\javapath;C:\Program Files (x86)\Common Files\Oracle\Java\javapath;D:\OracleDatabase\bin;C:\Program Files (x86)\NAT Service;C:\Program Files (x86)\Intel\iCLS Client\;C:\Program Files\Intel\iCLS Client\;C:\windows\system32;C:\windows;C:\windows\System32\Wbem;C:\windows\System32\WindowsPowerShell\v1.0\;C:\Program Files (x86)\NVIDIA Corporation\PhysX\Common;C:\Program Files (x86)\Intel\Intel(R) Management Engine Components\DAL;C:\Program Files\Intel\Intel(R) Management Engine Components\DAL;C:\Program Files (x86)\Intel\Intel(R) Management Engine Components\IPT;C:\Program Files\Intel\Intel(R) Management Engine Components\IPT;C:\Program Files\dotnet\;C:\Program Files\Microsoft SQL Server\130\Tools\Binn\;C:\WINDOWS\system32;C:\WINDOWS;C:\WINDOWS\System32\Wbem;C:\WINDOWS\System32\WindowsPowerShell\v1.0\;C:\WINDOWS\System32\OpenSSH\;C:\Program Files (x86)\PuTTY\;C:\Program Files\nodejs\;C:\Program Files\MySQL\MySQL Server 8.0\bin;C:\Program Files\TortoiseSVN\bin;C:\Program Files\Git\cmd;D:\Ruby27-x64\bin;C:\Users\qkdlf\AppData\Local\Programs\Python\Python38-32\Scripts\;C:\Users\qkdlf\AppData\Local\Programs\Python\Python38-32\;C:\Users\qkdlf\AppData\Local\Microsoft\WindowsApps;C:\Users\qkdlf\AppData\Local\Programs\Microsoft VS Code\bin;C:\Users\qkdlf\AppData\Local\GitHubDesktop\bin;C:\Program Files\Wireshark;C:\Program Files\Bandizip\;D:\MiKTex\miktex\bin\x64\;C:\Users\qkdlf\AppData\Local\Microsoft\WindowsApps;C:\Users\qkdlf\AppData\Roaming\npm
USERNAME=qkdlf
OS=Windows_NT
PROCESSOR_IDENTIFIER=Intel64 Family 6 Model 142 Stepping 9, GenuineIntel



---------------  S Y S T E M  ---------------

OS:
 Windows 10 , 64 bit Build 19041 (10.0.19041.1889)
OS uptime: 5 days 1:23 hours
HyperV virtualization detected

CPU: total 4 (initial active 4) (2 cores per cpu, 2 threads per core) family 6 model 142 stepping 9 microcode 0xb4, cmov, cx8, fxsr, mmx, sse, sse2, sse3, ssse3, sse4.1, sse4.2, popcnt, vzeroupper, avx, avx2, aes, clmul, erms, 3dnowpref, lzcnt, ht, tsc, tscinvbit, bmi1, bmi2, adx, fma, clflush, clflushopt

Memory: 4k page, system-wide physical 8072M (473M free)
TotalPageFile size 32648M (AvailPageFile size 4M)
current process WorkingSet (physical memory assigned to process): 200M, peak: 200M
current process commit charge ("private bytes"): 416M, peak: 416M

vm_info: Java HotSpot(TM) 64-Bit Server VM (15.0.1+9-18) for windows-amd64 JRE (15.0.1+9-18), built on Sep 15 2020 14:43:54 by "mach5one" with unknown MS VC++:1925

END.
