#
# There is insufficient memory for the Java Runtime Environment to continue.
# Native memory allocation (malloc) failed to allocate 32744 bytes for ChunkPool::allocate
# Possible reasons:
#   The system is out of physical RAM or swap space
#   The process is running with CompressedOops enabled, and the Java Heap may be blocking the growth of the native heap
# Possible solutions:
#   Reduce memory load on the system
#   Increase physical memory or swap space
#   Check if swap backing store is full
#   Decrease Java heap size (-Xmx/-Xms)
#   Decrease number of Java threads
#   Decrease Java thread stack sizes (-Xss)
#   Set larger code cache with -XX:ReservedCodeCacheSize=
#   JVM is running with Unscaled Compressed Oops mode in which the Java heap is
#     placed in the first 4GB address space. The Java Heap base address is the
#     maximum limit for the native heap growth. Please use -XX:HeapBaseMinAddress
#     to set the Java Heap base and to place the Java Heap above 4GB virtual address.
# This output file may be truncated or incomplete.
#
#  Out of Memory Error (./open/src/hotspot/share/memory/arena.cpp:79), pid=7616, tid=20572
#
# JRE version: Java(TM) SE Runtime Environment (15.0.1+9) (build 15.0.1+9-18)
# Java VM: Java HotSpot(TM) 64-Bit Server VM (15.0.1+9-18, mixed mode, sharing, tiered, compressed oops, g1 gc, windows-amd64)
# No core dump will be written. Minidumps are not enabled by default on client versions of Windows
#

---------------  S U M M A R Y ------------

Command Line: -Dorg.gradle.internal.worker.tmpdir=C:\Users\qkdlf\Study\SpringBoot\springboot_basic\springboot_utilization\build\tmp\test\work -Dorg.gradle.native=false -Xmx512m -Dfile.encoding=UTF-8 -Duser.country=KR -Duser.language=ko -Duser.variant -ea worker.org.gradle.process.internal.worker.GradleWorkerMain 'Gradle Test Executor 1'

Host: Intel(R) Core(TM) i5-7200U CPU @ 2.50GHz, 4 cores, 7G,  Windows 10 , 64 bit Build 19041 (10.0.19041.1889)
Time: Fri Oct 28 12:05:18 2022 ¥Î«—πŒ±π «•¡ÿΩ√ elapsed time: 9.236015 seconds (0d 0h 0m 9s)

---------------  T H R E A D  ---------------

Current thread (0x000001e83eea8ad0):  JavaThread "C1 CompilerThread0" daemon [_thread_in_native, id=20572, stack(0x0000002b2a300000,0x0000002b2a400000)]


Current CompileTask:
C1:   9236 4001       2       java.util.Formatter$Flags::parse (70 bytes)

Stack: [0x0000002b2a300000,0x0000002b2a400000]
Native frames: (J=compiled Java code, j=interpreted, Vv=VM code, C=native code)
V  [jvm.dll+0x62ae9a]
V  [jvm.dll+0x781389]
V  [jvm.dll+0x782ae3]
V  [jvm.dll+0x783143]
V  [jvm.dll+0x216265]
V  [jvm.dll+0x9828f]
V  [jvm.dll+0x985dc]
V  [jvm.dll+0x151793]
V  [jvm.dll+0x15185e]
V  [jvm.dll+0x15432f]
V  [jvm.dll+0x1561f1]
V  [jvm.dll+0x10ffc5]
V  [jvm.dll+0x10f87f]
V  [jvm.dll+0x10fab4]
V  [jvm.dll+0x10edf2]
V  [jvm.dll+0x110c8c]
V  [jvm.dll+0x1f9165]
V  [jvm.dll+0x1f720c]
V  [jvm.dll+0x74485d]
V  [jvm.dll+0x73d65a]
V  [jvm.dll+0x629c56]
C  [ucrtbase.dll+0x21bb2]
C  [KERNEL32.DLL+0x17034]
C  [ntdll.dll+0x526a1]


---------------  P R O C E S S  ---------------

Threads class SMR info:
_java_thread_list=0x000001e841031940, length=14, elements={
0x000001e8244ad360, 0x000001e83ee7ea20, 0x000001e83ee7f5f0, 0x000001e83ee9d3a0,
0x000001e83ee9fd70, 0x000001e83eea1830, 0x000001e83eea7f30, 0x000001e83eea8ad0,
0x000001e83eeb34e0, 0x000001e83f7e2fa0, 0x000001e83f809be0, 0x000001e83fff0ba0,
0x000001e84000ddc0, 0x000001e840024600
}

Java Threads: ( => current thread )
  0x000001e8244ad360 JavaThread "Test worker" [_thread_in_vm, id=12868, stack(0x0000002b29600000,0x0000002b29700000)]
  0x000001e83ee7ea20 JavaThread "Reference Handler" daemon [_thread_blocked, id=7932, stack(0x0000002b29d00000,0x0000002b29e00000)]
  0x000001e83ee7f5f0 JavaThread "Finalizer" daemon [_thread_blocked, id=11216, stack(0x0000002b29e00000,0x0000002b29f00000)]
  0x000001e83ee9d3a0 JavaThread "Signal Dispatcher" daemon [_thread_blocked, id=14384, stack(0x0000002b29f00000,0x0000002b2a000000)]
  0x000001e83ee9fd70 JavaThread "Attach Listener" daemon [_thread_blocked, id=19784, stack(0x0000002b2a000000,0x0000002b2a100000)]
  0x000001e83eea1830 JavaThread "Service Thread" daemon [_thread_blocked, id=16112, stack(0x0000002b2a100000,0x0000002b2a200000)]
  0x000001e83eea7f30 JavaThread "C2 CompilerThread0" daemon [_thread_in_native, id=13352, stack(0x0000002b2a200000,0x0000002b2a300000)]
=>0x000001e83eea8ad0 JavaThread "C1 CompilerThread0" daemon [_thread_in_native, id=20572, stack(0x0000002b2a300000,0x0000002b2a400000)]
  0x000001e83eeb34e0 JavaThread "Sweeper thread" daemon [_thread_blocked, id=16104, stack(0x0000002b2a400000,0x0000002b2a500000)]
  0x000001e83f7e2fa0 JavaThread "Notification Thread" daemon [_thread_blocked, id=9312, stack(0x0000002b2a500000,0x0000002b2a600000)]
  0x000001e83f809be0 JavaThread "Common-Cleaner" daemon [_thread_blocked, id=14996, stack(0x0000002b2a700000,0x0000002b2a800000)]
  0x000001e83fff0ba0 JavaThread "/127.0.0.1:59760 to /127.0.0.1:59759 workers" [_thread_blocked, id=8584, stack(0x0000002b2ad00000,0x0000002b2ae00000)]
  0x000001e84000ddc0 JavaThread "/127.0.0.1:59760 to /127.0.0.1:59759 workers Thread 2" [_thread_blocked, id=21116, stack(0x0000002b2ae00000,0x0000002b2af00000)]
  0x000001e840024600 JavaThread "/127.0.0.1:59760 to /127.0.0.1:59759 workers Thread 3" [_thread_in_native, id=11736, stack(0x0000002b2af00000,0x0000002b2b000000)]

Other Threads:
  0x000001e83ee77170 VMThread "VM Thread" [stack: 0x0000002b29c00000,0x0000002b29d00000] [id=22340]
  0x000001e83f8088b0 WatcherThread [stack: 0x0000002b2a600000,0x0000002b2a700000] [id=8160]
  0x000001e8244d1b80 GCTaskThread "GC Thread#0" [stack: 0x0000002b29700000,0x0000002b29800000] [id=5548]
  0x000001e83f83c2b0 GCTaskThread "GC Thread#1" [stack: 0x0000002b2a800000,0x0000002b2a900000] [id=2680]
  0x000001e83f83bf80 GCTaskThread "GC Thread#2" [stack: 0x0000002b2a900000,0x0000002b2aa00000] [id=15628]
  0x000001e83f83ef50 GCTaskThread "GC Thread#3" [stack: 0x0000002b2b000000,0x0000002b2b100000] [id=7276]
  0x000001e8244d8ce0 ConcurrentGCThread "G1 Main Marker" [stack: 0x0000002b29800000,0x0000002b29900000] [id=22892]
  0x000001e8244da070 ConcurrentGCThread "G1 Conc#0" [stack: 0x0000002b29900000,0x0000002b29a00000] [id=2508]
  0x000001e8245528f0 ConcurrentGCThread "G1 Refine#0" [stack: 0x0000002b29a00000,0x0000002b29b00000] [id=20656]
  0x000001e83ff60b80 ConcurrentGCThread "G1 Refine#1" [stack: 0x0000002b2aa00000,0x0000002b2ab00000] [id=21912]
  0x000001e83f84f240 ConcurrentGCThread "G1 Refine#2" [stack: 0x0000002b2ab00000,0x0000002b2ac00000] [id=7064]
  0x000001e8245534f0 ConcurrentGCThread "G1 Young RemSet Sampling" [stack: 0x0000002b29b00000,0x0000002b29c00000] [id=18424]

Threads with active compile tasks:
C2 CompilerThread0     9294 3736   !   4       jdk.internal.loader.BuiltinClassLoader::loadClassOrNull (143 bytes)
C1 CompilerThread0     9295 4001       2       java.util.Formatter$Flags::parse (70 bytes)

VM state: not at safepoint (normal execution)

VM Mutex/Monitor currently owned by a thread: None

Heap address: 0x00000000e0000000, size: 512 MB, Compressed Oops mode: 32-bit
CDS archive(s) mapped at: [0x0000000800000000-0x0000000800b50000-0x0000000800b50000), size 11862016, SharedBaseAddress: 0x0000000800000000, ArchiveRelocationMode: 0.
Compressed class space mapped at: 0x0000000800b50000-0x0000000840b50000, size: 1073741824
Narrow klass base: 0x0000000800000000, Narrow klass shift: 3, Narrow klass range: 0x100000000

GC Precious Log:
 CPUs: 4 total, 4 available
 Memory: 8072M
 Large Page Support: Disabled
 NUMA Support: Disabled
 Compressed Oops: Enabled (32-bit)
 Heap Region Size: 1M
 Heap Min Capacity: 8M
 Heap Initial Capacity: 128M
 Heap Max Capacity: 512M
 Pre-touch: Disabled
 Parallel Workers: 4
 Concurrent Workers: 1
 Concurrent Refinement Workers: 4
 Periodic GC: Disabled

Heap:
 garbage-first heap   total 51200K, used 17714K [0x00000000e0000000, 0x0000000100000000)
  region size 1024K, 3 young (3072K), 2 survivors (2048K)
 Metaspace       used 30097K, capacity 30637K, committed 30720K, reserved 1075200K
  class space    used 3841K, capacity 4021K, committed 4096K, reserved 1048576K

Heap Regions: E=young(eden), S=young(survivor), O=old, HS=humongous(starts), HC=humongous(continues), CS=collection set, F=free, OA=open archive, CA=closed archive, TAMS=top-at-mark-start (previous, next)
|   0|0x00000000e0000000, 0x00000000e0100000, 0x00000000e0100000|100%| O|  |TAMS 0x00000000e0100000, 0x00000000e0000000| Untracked 
|   1|0x00000000e0100000, 0x00000000e0200000, 0x00000000e0200000|100%| O|  |TAMS 0x00000000e0200000, 0x00000000e0100000| Untracked 
|   2|0x00000000e0200000, 0x00000000e0300000, 0x00000000e0300000|100%| O|  |TAMS 0x00000000e0300000, 0x00000000e0200000| Untracked 
|   3|0x00000000e0300000, 0x00000000e0400000, 0x00000000e0400000|100%| O|  |TAMS 0x00000000e0400000, 0x00000000e0300000| Untracked 
|   4|0x00000000e0400000, 0x00000000e0500000, 0x00000000e0500000|100%| O|  |TAMS 0x00000000e0500000, 0x00000000e0400000| Untracked 
|   5|0x00000000e0500000, 0x00000000e0600000, 0x00000000e0600000|100%| O|  |TAMS 0x00000000e0600000, 0x00000000e0500000| Untracked 
|   6|0x00000000e0600000, 0x00000000e0643a00, 0x00000000e0700000| 26%| O|  |TAMS 0x00000000e0643a00, 0x00000000e0600000| Untracked 
|   7|0x00000000e0700000, 0x00000000e0800000, 0x00000000e0800000|100%| O|  |TAMS 0x00000000e0700000, 0x00000000e0700000| Untracked 
|   8|0x00000000e0800000, 0x00000000e0900000, 0x00000000e0900000|100%| O|  |TAMS 0x00000000e0800000, 0x00000000e0800000| Untracked 
|   9|0x00000000e0900000, 0x00000000e0a00000, 0x00000000e0a00000|100%| O|  |TAMS 0x00000000e0900000, 0x00000000e0900000| Untracked 
|  10|0x00000000e0a00000, 0x00000000e0b00000, 0x00000000e0b00000|100%| O|  |TAMS 0x00000000e0a00000, 0x00000000e0a00000| Untracked 
|  11|0x00000000e0b00000, 0x00000000e0c00000, 0x00000000e0c00000|100%| O|  |TAMS 0x00000000e0b00000, 0x00000000e0b00000| Untracked 
|  12|0x00000000e0c00000, 0x00000000e0d00000, 0x00000000e0d00000|100%| O|  |TAMS 0x00000000e0c00000, 0x00000000e0c00000| Untracked 
|  13|0x00000000e0d00000, 0x00000000e0e00000, 0x00000000e0e00000|100%| O|  |TAMS 0x00000000e0d00000, 0x00000000e0d00000| Untracked 
|  14|0x00000000e0e00000, 0x00000000e0f00000, 0x00000000e0f00000|100%| O|  |TAMS 0x00000000e0e00000, 0x00000000e0e00000| Untracked 
|  15|0x00000000e0f00000, 0x00000000e1000000, 0x00000000e1000000|100%| O|  |TAMS 0x00000000e0f00000, 0x00000000e0f00000| Untracked 
|  16|0x00000000e1000000, 0x00000000e10a4600, 0x00000000e1100000| 64%| O|  |TAMS 0x00000000e1000000, 0x00000000e1000000| Untracked 
|  17|0x00000000e1100000, 0x00000000e1100000, 0x00000000e1200000|  0%| F|  |TAMS 0x00000000e1100000, 0x00000000e1100000| Untracked 
|  18|0x00000000e1200000, 0x00000000e1200000, 0x00000000e1300000|  0%| F|  |TAMS 0x00000000e1200000, 0x00000000e1200000| Untracked 
|  19|0x00000000e1300000, 0x00000000e1300000, 0x00000000e1400000|  0%| F|  |TAMS 0x00000000e1300000, 0x00000000e1300000| Untracked 
|  20|0x00000000e1400000, 0x00000000e1400000, 0x00000000e1500000|  0%| F|  |TAMS 0x00000000e1400000, 0x00000000e1400000| Untracked 
|  21|0x00000000e1500000, 0x00000000e1500000, 0x00000000e1600000|  0%| F|  |TAMS 0x00000000e1500000, 0x00000000e1500000| Untracked 
|  22|0x00000000e1600000, 0x00000000e1600000, 0x00000000e1700000|  0%| F|  |TAMS 0x00000000e1600000, 0x00000000e1600000| Untracked 
|  23|0x00000000e1700000, 0x00000000e1700000, 0x00000000e1800000|  0%| F|  |TAMS 0x00000000e1700000, 0x00000000e1700000| Untracked 
|  24|0x00000000e1800000, 0x00000000e1800000, 0x00000000e1900000|  0%| F|  |TAMS 0x00000000e1800000, 0x00000000e1800000| Untracked 
|  25|0x00000000e1900000, 0x00000000e1900000, 0x00000000e1a00000|  0%| F|  |TAMS 0x00000000e1900000, 0x00000000e1900000| Untracked 
|  26|0x00000000e1a00000, 0x00000000e1a00000, 0x00000000e1b00000|  0%| F|  |TAMS 0x00000000e1a00000, 0x00000000e1a00000| Untracked 
|  27|0x00000000e1b00000, 0x00000000e1b00000, 0x00000000e1c00000|  0%| F|  |TAMS 0x00000000e1b00000, 0x00000000e1b00000| Untracked 
|  28|0x00000000e1c00000, 0x00000000e1c64b90, 0x00000000e1d00000| 39%| S|CS|TAMS 0x00000000e1c00000, 0x00000000e1c00000| Complete 
|  29|0x00000000e1d00000, 0x00000000e1e00000, 0x00000000e1e00000|100%| S|CS|TAMS 0x00000000e1d00000, 0x00000000e1d00000| Complete 
|  30|0x00000000e1e00000, 0x00000000e1e00000, 0x00000000e1f00000|  0%| F|  |TAMS 0x00000000e1e00000, 0x00000000e1e00000| Untracked 
|  31|0x00000000e1f00000, 0x00000000e1f00000, 0x00000000e2000000|  0%| F|  |TAMS 0x00000000e1f00000, 0x00000000e1f00000| Untracked 
|  32|0x00000000e2000000, 0x00000000e2000000, 0x00000000e2100000|  0%| F|  |TAMS 0x00000000e2000000, 0x00000000e2000000| Untracked 
|  33|0x00000000e2100000, 0x00000000e2100000, 0x00000000e2200000|  0%| F|  |TAMS 0x00000000e2100000, 0x00000000e2100000| Untracked 
|  34|0x00000000e2200000, 0x00000000e2200000, 0x00000000e2300000|  0%| F|  |TAMS 0x00000000e2200000, 0x00000000e2200000| Untracked 
|  35|0x00000000e2300000, 0x00000000e2300000, 0x00000000e2400000|  0%| F|  |TAMS 0x00000000e2300000, 0x00000000e2300000| Untracked 
|  36|0x00000000e2400000, 0x00000000e2400000, 0x00000000e2500000|  0%| F|  |TAMS 0x00000000e2400000, 0x00000000e2400000| Untracked 
|  37|0x00000000e2500000, 0x00000000e2500000, 0x00000000e2600000|  0%| F|  |TAMS 0x00000000e2500000, 0x00000000e2500000| Untracked 
|  38|0x00000000e2600000, 0x00000000e2600000, 0x00000000e2700000|  0%| F|  |TAMS 0x00000000e2600000, 0x00000000e2600000| Untracked 
|  39|0x00000000e2700000, 0x00000000e2700000, 0x00000000e2800000|  0%| F|  |TAMS 0x00000000e2700000, 0x00000000e2700000| Untracked 
|  40|0x00000000e2800000, 0x00000000e2800000, 0x00000000e2900000|  0%| F|  |TAMS 0x00000000e2800000, 0x00000000e2800000| Untracked 
|  41|0x00000000e2900000, 0x00000000e2900000, 0x00000000e2a00000|  0%| F|  |TAMS 0x00000000e2900000, 0x00000000e2900000| Untracked 
|  42|0x00000000e2a00000, 0x00000000e2a00000, 0x00000000e2b00000|  0%| F|  |TAMS 0x00000000e2a00000, 0x00000000e2a00000| Untracked 
|  43|0x00000000e2b00000, 0x00000000e2b00000, 0x00000000e2c00000|  0%| F|  |TAMS 0x00000000e2b00000, 0x00000000e2b00000| Untracked 
|  65|0x00000000e4100000, 0x00000000e4100000, 0x00000000e4200000|  0%| F|  |TAMS 0x00000000e4100000, 0x00000000e4100000| Untracked 
|  66|0x00000000e4200000, 0x00000000e4200000, 0x00000000e4300000|  0%| F|  |TAMS 0x00000000e4200000, 0x00000000e4200000| Untracked 
|  67|0x00000000e4300000, 0x00000000e4300000, 0x00000000e4400000|  0%| F|  |TAMS 0x00000000e4300000, 0x00000000e4300000| Untracked 
|  68|0x00000000e4400000, 0x00000000e4400000, 0x00000000e4500000|  0%| F|  |TAMS 0x00000000e4400000, 0x00000000e4400000| Untracked 
|  69|0x00000000e4500000, 0x00000000e4500000, 0x00000000e4600000|  0%| F|  |TAMS 0x00000000e4500000, 0x00000000e4500000| Untracked 
| 127|0x00000000e7f00000, 0x00000000e7fc8e18, 0x00000000e8000000| 78%| E|  |TAMS 0x00000000e7f00000, 0x00000000e7f00000| Complete 

Card table byte_map: [0x000001e83b6e0000,0x000001e83b7e0000] _byte_map_base: 0x000001e83afe0000

Marking Bits (Prev, Next): (CMBitMap*) 0x000001e8244d23b0, (CMBitMap*) 0x000001e8244d2370
 Prev Bits: [0x000001e83c0e0000, 0x000001e83c8e0000)
 Next Bits: [0x000001e83b8e0000, 0x000001e83c0e0000)

Polling page: 0x000001e823c80000

Metaspace:

Usage:
  Non-class:     25.99 MB capacity,    25.64 MB ( 99%) used,   309.04 KB (  1%) free+waste,    50.81 KB ( <1%) overhead. 
      Class:      3.93 MB capacity,     3.75 MB ( 96%) used,   158.55 KB (  4%) free+waste,    21.12 KB ( <1%) overhead. 
       Both:     29.92 MB capacity,    29.39 MB ( 98%) used,   467.59 KB (  2%) free+waste,    71.94 KB ( <1%) overhead. 

Virtual space:
  Non-class space:       26.00 MB reserved,      26.00 MB (100%) committed 
      Class space:        1.00 GB reserved,       4.00 MB ( <1%) committed 
             Both:        1.03 GB reserved,      30.00 MB (  3%) committed 

Chunk freelists:
   Non-Class:  8.00 KB
       Class:  11.00 KB
        Both:  19.00 KB

MaxMetaspaceSize: 17179869184.00 GB
CompressedClassSpaceSize: 1.00 GB

CodeHeap 'non-profiled nmethods': size=120000Kb used=1699Kb max_used=1699Kb free=118300Kb
 bounds [0x000001e8341b0000, 0x000001e834420000, 0x000001e83b6e0000]
CodeHeap 'profiled nmethods': size=120000Kb used=8657Kb max_used=8657Kb free=111342Kb
 bounds [0x000001e82cc80000, 0x000001e82d500000, 0x000001e8341b0000]
CodeHeap 'non-nmethods': size=5760Kb used=1232Kb max_used=1296Kb free=4527Kb
 bounds [0x000001e82c6e0000, 0x000001e82c950000, 0x000001e82cc80000]
 total_blobs=4463 nmethods=3964 adapters=410
 compilation: enabled
              stopped_count=0, restarted_count=0
 full_count=0

Compilation events (20 events):
Event: 9.228 Thread 0x000001e83eea8ad0 nmethod 3989 0x000001e82d4f0f90 code [0x000001e82d4f1140, 0x000001e82d4f1378]
Event: 9.228 Thread 0x000001e83eea8ad0 3992       2       java.util.Formatter::checkText (58 bytes)
Event: 9.229 Thread 0x000001e83eea8ad0 nmethod 3992 0x000001e82d4f1490 code [0x000001e82d4f16a0, 0x000001e82d4f1b78]
Event: 9.229 Thread 0x000001e83eea8ad0 3993       2       java.util.Formatter$FixedString::<init> (26 bytes)
Event: 9.229 Thread 0x000001e83eea8ad0 nmethod 3993 0x000001e82d4f1f10 code [0x000001e82d4f20a0, 0x000001e82d4f2258]
Event: 9.229 Thread 0x000001e83eea8ad0 3994       2       java.util.Formatter$FixedString::print (26 bytes)
Event: 9.229 Thread 0x000001e83eea8ad0 nmethod 3994 0x000001e82d4f2310 code [0x000001e82d4f24c0, 0x000001e82d4f25e8]
Event: 9.229 Thread 0x000001e83eea8ad0 3995       2       java.lang.StringBuilder::append (8 bytes)
Event: 9.229 Thread 0x000001e83eea8ad0 nmethod 3995 0x000001e82d4f2690 code [0x000001e82d4f2820, 0x000001e82d4f2948]
Event: 9.229 Thread 0x000001e83eea8ad0 3996       2       java.util.Formatter$FormatSpecifier::checkText (198 bytes)
Event: 9.230 Thread 0x000001e83eea8ad0 nmethod 3996 0x000001e82d4f2a10 code [0x000001e82d4f2c40, 0x000001e82d4f3058]
Event: 9.230 Thread 0x000001e83eea8ad0 3997       2       java.util.regex.Matcher::end (22 bytes)
Event: 9.230 Thread 0x000001e83eea8ad0 nmethod 3997 0x000001e82d4f3390 code [0x000001e82d4f3540, 0x000001e82d4f3708]
Event: 9.230 Thread 0x000001e83eea8ad0 3998       2       java.util.regex.Pattern$BranchConn::match (11 bytes)
Event: 9.230 Thread 0x000001e83eea8ad0 nmethod 3998 0x000001e82d4f3810 code [0x000001e82d4f39a0, 0x000001e82d4f3ac8]
Event: 9.230 Thread 0x000001e83eea8ad0 3999       2       java.util.Formatter$FormatSpecifier::print (238 bytes)
Event: 9.231 Thread 0x000001e83eea8ad0 nmethod 3999 0x000001e82d4f3b90 code [0x000001e82d4f3dc0, 0x000001e82d4f41c8]
Event: 9.231 Thread 0x000001e83eea8ad0 4000       2       java.lang.StringBuilder::append (6 bytes)
Event: 9.231 Thread 0x000001e83eea8ad0 nmethod 4000 0x000001e82d4f4390 code [0x000001e82d4f4520, 0x000001e82d4f4648]
Event: 9.231 Thread 0x000001e83eea8ad0 4001       2       java.util.Formatter$Flags::parse (70 bytes)

GC Heap History (14 events):
Event: 0.570 GC heap before
{Heap before GC invocations=0 (full 0):
 garbage-first heap   total 131072K, used 12288K [0x00000000e0000000, 0x0000000100000000)
  region size 1024K, 13 young (13312K), 0 survivors (0K)
 Metaspace       used 3447K, capacity 5630K, committed 5760K, reserved 1056768K
  class space    used 410K, capacity 627K, committed 640K, reserved 1048576K
}
Event: 0.576 GC heap after
{Heap after GC invocations=1 (full 0):
 garbage-first heap   total 131072K, used 6541K [0x00000000e0000000, 0x0000000100000000)
  region size 1024K, 2 young (2048K), 2 survivors (2048K)
 Metaspace       used 3447K, capacity 5630K, committed 5760K, reserved 1056768K
  class space    used 410K, capacity 627K, committed 640K, reserved 1048576K
}
Event: 0.935 GC heap before
{Heap before GC invocations=1 (full 0):
 garbage-first heap   total 131072K, used 11661K [0x00000000e0000000, 0x0000000100000000)
  region size 1024K, 7 young (7168K), 2 survivors (2048K)
 Metaspace       used 5407K, capacity 6550K, committed 6656K, reserved 1056768K
  class space    used 671K, capacity 761K, committed 768K, reserved 1048576K
}
Event: 0.938 GC heap after
{Heap after GC invocations=2 (full 0):
 garbage-first heap   total 131072K, used 6907K [0x00000000e0000000, 0x0000000100000000)
  region size 1024K, 1 young (1024K), 1 survivors (1024K)
 Metaspace       used 5407K, capacity 6550K, committed 6656K, reserved 1056768K
  class space    used 671K, capacity 761K, committed 768K, reserved 1048576K
}
Event: 1.591 GC heap before
{Heap before GC invocations=2 (full 0):
 garbage-first heap   total 131072K, used 28411K [0x00000000e0000000, 0x0000000100000000)
  region size 1024K, 22 young (22528K), 1 survivors (1024K)
 Metaspace       used 9943K, capacity 10237K, committed 10368K, reserved 1058816K
  class space    used 1279K, capacity 1387K, committed 1408K, reserved 1048576K
}
Event: 1.594 GC heap after
{Heap after GC invocations=3 (full 0):
 garbage-first heap   total 131072K, used 7987K [0x00000000e0000000, 0x0000000100000000)
  region size 1024K, 2 young (2048K), 2 survivors (2048K)
 Metaspace       used 9943K, capacity 10237K, committed 10368K, reserved 1058816K
  class space    used 1279K, capacity 1387K, committed 1408K, reserved 1048576K
}
Event: 4.364 GC heap before
{Heap before GC invocations=3 (full 0):
 garbage-first heap   total 131072K, used 63283K [0x00000000e0000000, 0x0000000100000000)
  region size 1024K, 58 young (59392K), 2 survivors (2048K)
 Metaspace       used 20768K, capacity 21133K, committed 21248K, reserved 1067008K
  class space    used 2651K, capacity 2752K, committed 2816K, reserved 1048576K
}
Event: 4.371 GC heap after
{Heap after GC invocations=4 (full 0):
 garbage-first heap   total 131072K, used 10627K [0x00000000e0000000, 0x0000000100000000)
  region size 1024K, 5 young (5120K), 5 survivors (5120K)
 Metaspace       used 20768K, capacity 21133K, committed 21248K, reserved 1067008K
  class space    used 2651K, capacity 2752K, committed 2816K, reserved 1048576K
}
Event: 6.623 GC heap before
{Heap before GC invocations=5 (full 0):
 garbage-first heap   total 45056K, used 43395K [0x00000000e0000000, 0x0000000100000000)
  region size 1024K, 37 young (37888K), 5 survivors (5120K)
 Metaspace       used 24302K, capacity 24713K, committed 24832K, reserved 1071104K
  class space    used 3121K, capacity 3233K, committed 3328K, reserved 1048576K
}
Event: 6.631 GC heap after
{Heap after GC invocations=6 (full 0):
 garbage-first heap   total 51200K, used 11864K [0x00000000e0000000, 0x0000000100000000)
  region size 1024K, 6 young (6144K), 6 survivors (6144K)
 Metaspace       used 24302K, capacity 24713K, committed 24832K, reserved 1071104K
  class space    used 3121K, capacity 3233K, committed 3328K, reserved 1048576K
}
Event: 8.050 GC heap before
{Heap before GC invocations=6 (full 0):
 garbage-first heap   total 51200K, used 35416K [0x00000000e0000000, 0x0000000100000000)
  region size 1024K, 29 young (29696K), 6 survivors (6144K)
 Metaspace       used 27308K, capacity 27768K, committed 28032K, reserved 1073152K
  class space    used 3511K, capacity 3648K, committed 3712K, reserved 1048576K
}
Event: 8.058 GC heap after
{Heap after GC invocations=7 (full 0):
 garbage-first heap   total 51200K, used 14280K [0x00000000e0000000, 0x0000000100000000)
  region size 1024K, 4 young (4096K), 4 survivors (4096K)
 Metaspace       used 27308K, capacity 27768K, committed 28032K, reserved 1073152K
  class space    used 3511K, capacity 3648K, committed 3712K, reserved 1048576K
}
Event: 8.717 GC heap before
{Heap before GC invocations=7 (full 0):
 garbage-first heap   total 51200K, used 36808K [0x00000000e0000000, 0x0000000100000000)
  region size 1024K, 26 young (26624K), 4 survivors (4096K)
 Metaspace       used 28866K, capacity 29340K, committed 29568K, reserved 1075200K
  class space    used 3706K, capacity 3848K, committed 3968K, reserved 1048576K
}
Event: 8.724 GC heap after
{Heap after GC invocations=8 (full 0):
 garbage-first heap   total 51200K, used 16941K [0x00000000e0000000, 0x0000000100000000)
  region size 1024K, 3 young (3072K), 3 survivors (3072K)
 Metaspace       used 28866K, capacity 29340K, committed 29568K, reserved 1075200K
  class space    used 3706K, capacity 3848K, committed 3968K, reserved 1048576K
}

Deoptimization events (20 events):
Event: 8.675 Thread 0x000001e8244ad360 Uncommon trap: trap_request=0xffffffbe fr.pc=0x000001e83434951c relative=0x000000000000085c
Event: 8.675 Thread 0x000001e8244ad360 Uncommon trap: reason=profile_predicate action=maybe_recompile pc=0x000001e83434951c method=java.lang.PublicMethods$MethodList.filter([Ljava/lang/reflect/Method;Ljava/lang/String;[Ljava/lang/Class;Z)Ljava/lang/PublicMethods$MethodList; @ 21 c2
Event: 8.675 Thread 0x000001e8244ad360 DEOPT PACKING pc=0x000001e83434951c sp=0x0000002b296faba0
Event: 8.675 Thread 0x000001e8244ad360 DEOPT UNPACKING pc=0x000001e82c72e42f sp=0x0000002b296fab58 mode 2
Event: 9.005 Thread 0x000001e8244ad360 Uncommon trap: trap_request=0xffffff45 fr.pc=0x000001e834333e6c relative=0x0000000000000b6c
Event: 9.005 Thread 0x000001e8244ad360 Uncommon trap: reason=unstable_if action=reinterpret pc=0x000001e834333e6c method=org.springframework.beans.factory.support.DefaultSingletonBeanRegistry.getSingleton(Ljava/lang/String;Z)Ljava/lang/Object; @ 39 c2
Event: 9.005 Thread 0x000001e8244ad360 DEOPT PACKING pc=0x000001e834333e6c sp=0x0000002b296fa9b0
Event: 9.005 Thread 0x000001e8244ad360 DEOPT UNPACKING pc=0x000001e82c72e42f sp=0x0000002b296fa948 mode 2
Event: 9.188 Thread 0x000001e8244ad360 Uncommon trap: trap_request=0xffffff45 fr.pc=0x000001e8342d2034 relative=0x0000000000000474
Event: 9.188 Thread 0x000001e8244ad360 Uncommon trap: reason=unstable_if action=reinterpret pc=0x000001e8342d2034 method=java.util.LinkedHashMap.get(Ljava/lang/Object;)Ljava/lang/Object; @ 16 c2
Event: 9.188 Thread 0x000001e8244ad360 DEOPT PACKING pc=0x000001e8342d2034 sp=0x0000002b296fbaf0
Event: 9.188 Thread 0x000001e8244ad360 DEOPT UNPACKING pc=0x000001e82c72e42f sp=0x0000002b296fbaa8 mode 2
Event: 9.197 Thread 0x000001e8244ad360 Uncommon trap: trap_request=0xffffff45 fr.pc=0x000001e83433cb60 relative=0x0000000000003a00
Event: 9.197 Thread 0x000001e8244ad360 Uncommon trap: reason=unstable_if action=reinterpret pc=0x000001e83433cb60 method=org.springframework.boot.context.properties.source.ConfigurationPropertyName$ElementsParser.updateType(Lorg/springframework/boot/context/properties/source/ConfigurationPrope
Event: 9.197 Thread 0x000001e8244ad360 DEOPT PACKING pc=0x000001e83433cb60 sp=0x0000002b296fa980
Event: 9.197 Thread 0x000001e8244ad360 DEOPT UNPACKING pc=0x000001e82c72e42f sp=0x0000002b296fa8f8 mode 2
Event: 9.197 Thread 0x000001e8244ad360 Uncommon trap: trap_request=0xffffff45 fr.pc=0x000001e83426ec44 relative=0x0000000000000304
Event: 9.197 Thread 0x000001e8244ad360 Uncommon trap: reason=unstable_if action=reinterpret pc=0x000001e83426ec44 method=org.springframework.boot.context.properties.source.ConfigurationPropertyName$ElementsParser.updateType(Lorg/springframework/boot/context/properties/source/ConfigurationPrope
Event: 9.197 Thread 0x000001e8244ad360 DEOPT PACKING pc=0x000001e83426ec44 sp=0x0000002b296fa940
Event: 9.197 Thread 0x000001e8244ad360 DEOPT UNPACKING pc=0x000001e82c72e42f sp=0x0000002b296fa8e8 mode 2

Classes unloaded (0 events):
No events

Classes redefined (0 events):
No events

Internal exceptions (20 events):
Event: 9.112 Thread 0x000001e8244ad360 Exception <a 'java/lang/ClassNotFoundException'{0x00000000e213d808}: javax/servlet/FilterCustomizer> (0x00000000e213d808) 
thrown [./open/src/hotspot/share/classfile/systemDictionary.cpp, line 295]
Event: 9.113 Thread 0x000001e8244ad360 Exception <a 'java/lang/ClassNotFoundException'{0x00000000e21463d0}: org/springframework/beans/factory/BeanNameAwareCustomizer> (0x00000000e21463d0) 
thrown [./open/src/hotspot/share/classfile/systemDictionary.cpp, line 295]
Event: 9.113 Thread 0x000001e8244ad360 Exception <a 'java/lang/ClassNotFoundException'{0x00000000e214e528}: org/springframework/beans/factory/AwareCustomizer> (0x00000000e214e528) 
thrown [./open/src/hotspot/share/classfile/systemDictionary.cpp, line 295]
Event: 9.114 Thread 0x000001e8244ad360 Exception <a 'java/lang/ClassNotFoundException'{0x00000000e2155988}: org/springframework/context/EnvironmentAwareCustomizer> (0x00000000e2155988) 
thrown [./open/src/hotspot/share/classfile/systemDictionary.cpp, line 295]
Event: 9.114 Thread 0x000001e8244ad360 Exception <a 'java/lang/ClassNotFoundException'{0x00000000e215dad0}: org/springframework/beans/factory/AwareCustomizer> (0x00000000e215dad0) 
thrown [./open/src/hotspot/share/classfile/systemDictionary.cpp, line 295]
Event: 9.115 Thread 0x000001e8244ad360 Exception <a 'java/lang/ClassNotFoundException'{0x00000000e21652a0}: org/springframework/core/env/EnvironmentCapableCustomizer> (0x00000000e21652a0) 
thrown [./open/src/hotspot/share/classfile/systemDictionary.cpp, line 295]
Event: 9.117 Thread 0x000001e8244ad360 Exception <a 'java/lang/ClassNotFoundException'{0x00000000e216d7f0}: org/springframework/web/context/ServletContextAwareCustomizer> (0x00000000e216d7f0) 
thrown [./open/src/hotspot/share/classfile/systemDictionary.cpp, line 295]
Event: 9.117 Thread 0x000001e8244ad360 Exception <a 'java/lang/ClassNotFoundException'{0x00000000e21759a0}: org/springframework/beans/factory/AwareCustomizer> (0x00000000e21759a0) 
thrown [./open/src/hotspot/share/classfile/systemDictionary.cpp, line 295]
Event: 9.118 Thread 0x000001e8244ad360 Exception <a 'java/lang/ClassNotFoundException'{0x00000000e217d010}: org/springframework/beans/factory/InitializingBeanCustomizer> (0x00000000e217d010) 
thrown [./open/src/hotspot/share/classfile/systemDictionary.cpp, line 295]
Event: 9.118 Thread 0x000001e8244ad360 Exception <a 'java/lang/ClassNotFoundException'{0x00000000e2184ed8}: org/springframework/beans/factory/DisposableBeanCustomizer> (0x00000000e2184ed8) 
thrown [./open/src/hotspot/share/classfile/systemDictionary.cpp, line 295]
Event: 9.121 Thread 0x000001e8244ad360 Exception <a 'java/lang/ClassNotFoundException'{0x00000000e21a3ca0}: java/lang/ObjectCustomizer> (0x00000000e21a3ca0) 
thrown [./open/src/hotspot/share/classfile/systemDictionary.cpp, line 295]
Event: 9.121 Thread 0x000001e8244ad360 Exception <a 'java/lang/ClassNotFoundException'{0x00000000e21aef78}: org/springframework/web/multipart/support/StandardServletMultipartResolverCustomizer> (0x00000000e21aef78) 
thrown [./open/src/hotspot/share/classfile/systemDictionary.cpp, line 295]
Event: 9.122 Thread 0x000001e8244ad360 Exception <a 'java/lang/ClassNotFoundException'{0x00000000e21bbfe0}: org/springframework/web/multipart/MultipartResolverCustomizer> (0x00000000e21bbfe0) 
thrown [./open/src/hotspot/share/classfile/systemDictionary.cpp, line 295]
Event: 9.129 Thread 0x000001e8244ad360 Exception <a 'java/lang/NoSuchMethodError'{0x00000000e200f748}: 'java.lang.Object java.lang.invoke.DirectMethodHandle$Holder.newInvokeSpecial(java.lang.Object, java.lang.Object, int, java.lang.Object, java.lang.Object)'> (0x00000000e200f748) 
thrown [./open/src/hotspot/share/interpreter/linkResolver.cpp, line 782]
Event: 9.130 Thread 0x000001e8244ad360 Exception <a 'java/lang/NoSuchMethodError'{0x00000000e201b9a0}: 'java.lang.Object java.lang.invoke.DirectMethodHandle$Holder.invokeSpecial(java.lang.Object, java.lang.Object, int, java.lang.Object, int, java.lang.Object)'> (0x00000000e201b9a0) 
thrown [./open/src/hotspot/share/interpreter/linkResolver.cpp, line 782]
Event: 9.131 Thread 0x000001e8244ad360 Exception <a 'java/lang/NoSuchMethodError'{0x00000000e2024980}: 'java.lang.Object java.lang.invoke.DirectMethodHandle$Holder.newInvokeSpecial(java.lang.Object, java.lang.Object, int, java.lang.Object, int)'> (0x00000000e2024980) 
thrown [./open/src/hotspot/share/interpreter/linkResolver.cpp, line 782]
Event: 9.132 Thread 0x000001e8244ad360 Exception <a 'java/lang/NoSuchMethodError'{0x00000000e20290e0}: 'java.lang.Object java.lang.invoke.DirectMethodHandle$Holder.invokeSpecial(java.lang.Object, java.lang.Object, java.lang.Object, int, java.lang.Object, int)'> (0x00000000e20290e0) 
thrown [./open/src/hotspot/share/interpreter/linkResolver.cpp, line 782]
Event: 9.134 Thread 0x000001e8244ad360 Exception <a 'java/lang/NoSuchMethodError'{0x00000000e2035838}: 'void java.lang.invoke.DirectMethodHandle$Holder.invokeVirtual(java.lang.Object, java.lang.Object)'> (0x00000000e2035838) 
thrown [./open/src/hotspot/share/interpreter/linkResolver.cpp, line 782]
Event: 9.189 Thread 0x000001e8244ad360 Exception <a 'java/lang/ClassNotFoundException'{0x00000000e1f78090}: java/lang/ObjectCustomizer> (0x00000000e1f78090) 
thrown [./open/src/hotspot/share/classfile/systemDictionary.cpp, line 295]
Event: 9.189 Thread 0x000001e8244ad360 Exception <a 'java/lang/ClassNotFoundException'{0x00000000e1f82b48}: kr/yh/external_config/SpringBootApplicationTestCustomizer> (0x00000000e1f82b48) 
thrown [./open/src/hotspot/share/classfile/systemDictionary.cpp, line 295]

Events (20 events):
Event: 9.192 loading class sun/security/provider/MD5
Event: 9.192 loading class sun/security/provider/MD5 done
Event: 9.194 loading class java/util/UUID$Holder
Event: 9.194 loading class java/util/UUID$Holder done
Event: 9.196 loading class java/util/Random$RandomIntsSpliterator
Event: 9.196 loading class java/util/Random$RandomIntsSpliterator done
Event: 9.207 Executing VM operation: ICBufferFull
Event: 9.207 Executing VM operation: ICBufferFull done
Event: 9.212 Executing VM operation: ICBufferFull
Event: 9.212 Executing VM operation: ICBufferFull done
Event: 9.217 Executing VM operation: ICBufferFull
Event: 9.217 Executing VM operation: ICBufferFull done
Event: 9.222 Executing VM operation: ICBufferFull
Event: 9.222 Executing VM operation: ICBufferFull done
Event: 9.225 Executing VM operation: ICBufferFull
Event: 9.225 Executing VM operation: ICBufferFull done
Event: 9.229 Executing VM operation: ICBufferFull
Event: 9.229 Executing VM operation: ICBufferFull done
Event: 9.231 Executing VM operation: ICBufferFull
Event: 9.231 Executing VM operation: ICBufferFull done


Dynamic libraries:
0x00007ff64d900000 - 0x00007ff64d90f000 	C:\Program Files\Java\jdk-15.0.1\bin\java.exe
0x00007fff31290000 - 0x00007fff31488000 	C:\WINDOWS\SYSTEM32\ntdll.dll
0x00007fff30860000 - 0x00007fff3091d000 	C:\WINDOWS\System32\KERNEL32.DLL
0x00007fff2e9d0000 - 0x00007fff2eca2000 	C:\WINDOWS\System32\KERNELBASE.dll
0x00007fff2eeb0000 - 0x00007fff2efb0000 	C:\WINDOWS\System32\ucrtbase.dll
0x00007fff16010000 - 0x00007fff16029000 	C:\Program Files\Java\jdk-15.0.1\bin\VCRUNTIME140.dll
0x00007fff233f0000 - 0x00007fff23408000 	C:\Program Files\Java\jdk-15.0.1\bin\jli.dll
0x00007fff31060000 - 0x00007fff3110e000 	C:\WINDOWS\System32\ADVAPI32.dll
0x00007fff2f5f0000 - 0x00007fff2f68e000 	C:\WINDOWS\System32\msvcrt.dll
0x00007fff2f920000 - 0x00007fff2f9bc000 	C:\WINDOWS\System32\sechost.dll
0x00007fff30920000 - 0x00007fff30a45000 	C:\WINDOWS\System32\RPCRT4.dll
0x00007fff30e60000 - 0x00007fff30ffd000 	C:\WINDOWS\System32\USER32.dll
0x00007fff2f020000 - 0x00007fff2f042000 	C:\WINDOWS\System32\win32u.dll
0x00007fff1e0d0000 - 0x00007fff1e36a000 	C:\WINDOWS\WinSxS\amd64_microsoft.windows.common-controls_6595b64144ccf1df_6.0.19041.1110_none_60b5254171f9507e\COMCTL32.dll
0x00007fff30610000 - 0x00007fff3063b000 	C:\WINDOWS\System32\GDI32.dll
0x00007fff2ecb0000 - 0x00007fff2edbf000 	C:\WINDOWS\System32\gdi32full.dll
0x00007fff2ee10000 - 0x00007fff2eead000 	C:\WINDOWS\System32\msvcp_win.dll
0x00007fff27840000 - 0x00007fff2784a000 	C:\WINDOWS\SYSTEM32\VERSION.dll
0x00007fff30710000 - 0x00007fff30740000 	C:\WINDOWS\System32\IMM32.DLL
0x00007fff27e10000 - 0x00007fff27e1c000 	C:\Program Files\Java\jdk-15.0.1\bin\vcruntime140_1.dll
0x00007ffefbd90000 - 0x00007ffefbe21000 	C:\Program Files\Java\jdk-15.0.1\bin\msvcp140.dll
0x00007ffed1e10000 - 0x00007ffed296e000 	C:\Program Files\Java\jdk-15.0.1\bin\server\jvm.dll
0x00007fff30130000 - 0x00007fff30138000 	C:\WINDOWS\System32\PSAPI.DLL
0x00007fff229b0000 - 0x00007fff229d7000 	C:\WINDOWS\SYSTEM32\WINMM.dll
0x00007fff09620000 - 0x00007fff09629000 	C:\WINDOWS\SYSTEM32\WSOCK32.dll
0x00007fff311c0000 - 0x00007fff3122b000 	C:\WINDOWS\System32\WS2_32.dll
0x00007fff2c820000 - 0x00007fff2c832000 	C:\WINDOWS\SYSTEM32\kernel.appcore.dll
0x00007fff27df0000 - 0x00007fff27dfa000 	C:\Program Files\Java\jdk-15.0.1\bin\jimage.dll
0x00007fff1b780000 - 0x00007fff1b964000 	C:\WINDOWS\SYSTEM32\DBGHELP.DLL
0x00007fff1b750000 - 0x00007fff1b77c000 	C:\WINDOWS\SYSTEM32\dbgcore.DLL
0x00007fff2f100000 - 0x00007fff2f182000 	C:\WINDOWS\System32\bcryptPrimitives.dll
0x00007fff04fe0000 - 0x00007fff05005000 	C:\Program Files\Java\jdk-15.0.1\bin\java.dll
0x00007fff2f9e0000 - 0x00007fff30123000 	C:\WINDOWS\System32\SHELL32.dll
0x00007fff2ca20000 - 0x00007fff2d1b1000 	C:\WINDOWS\SYSTEM32\windows.storage.dll
0x00007fff30a50000 - 0x00007fff30da4000 	C:\WINDOWS\System32\combase.dll
0x00007fff2e400000 - 0x00007fff2e430000 	C:\WINDOWS\SYSTEM32\Wldp.dll
0x00007fff30db0000 - 0x00007fff30e5d000 	C:\WINDOWS\System32\SHCORE.dll
0x00007fff30140000 - 0x00007fff30195000 	C:\WINDOWS\System32\shlwapi.dll
0x00007fff2e8e0000 - 0x00007fff2e8ff000 	C:\WINDOWS\SYSTEM32\profapi.dll
0x00007fff10f50000 - 0x00007fff10f69000 	C:\Program Files\Java\jdk-15.0.1\bin\net.dll
0x00007fff26d80000 - 0x00007fff26e8d000 	C:\WINDOWS\SYSTEM32\WINHTTP.dll
0x00007fff2e160000 - 0x00007fff2e1ca000 	C:\WINDOWS\system32\mswsock.dll
0x00007fff04fc0000 - 0x00007fff04fd2000 	C:\Program Files\Java\jdk-15.0.1\bin\nio.dll
0x00007fff03ee0000 - 0x00007fff03ef8000 	C:\Program Files\Java\jdk-15.0.1\bin\zip.dll
0x00007fff26a50000 - 0x00007fff26a60000 	C:\Program Files\Java\jdk-15.0.1\bin\verify.dll
0x00007fff2dde0000 - 0x00007fff2de1b000 	C:\WINDOWS\SYSTEM32\IPHLPAPI.DLL
0x00007fff2f9d0000 - 0x00007fff2f9d8000 	C:\WINDOWS\System32\NSI.dll
0x00007fff268d0000 - 0x00007fff268e7000 	C:\WINDOWS\SYSTEM32\dhcpcsvc6.DLL
0x00007fff26870000 - 0x00007fff2688d000 	C:\WINDOWS\SYSTEM32\dhcpcsvc.DLL
0x00007fff2de20000 - 0x00007fff2deea000 	C:\WINDOWS\SYSTEM32\DNSAPI.dll
0x00007fff2e360000 - 0x00007fff2e378000 	C:\WINDOWS\SYSTEM32\CRYPTSP.dll
0x00007fff2d9d0000 - 0x00007fff2da04000 	C:\WINDOWS\system32\rsaenh.dll
0x00007fff2e9a0000 - 0x00007fff2e9c7000 	C:\WINDOWS\System32\bcrypt.dll
0x00007fff2e860000 - 0x00007fff2e88e000 	C:\WINDOWS\SYSTEM32\USERENV.dll
0x00007fff2e350000 - 0x00007fff2e35c000 	C:\WINDOWS\SYSTEM32\CRYPTBASE.dll
0x00007fff28100000 - 0x00007fff28109000 	C:\Program Files\Java\jdk-15.0.1\bin\management.dll
0x00007fff280f0000 - 0x00007fff280fb000 	C:\Program Files\Java\jdk-15.0.1\bin\management_ext.dll
0x00007fff0a260000 - 0x00007fff0a277000 	C:\WINDOWS\system32\napinsp.dll
0x00007fff0a240000 - 0x00007fff0a25b000 	C:\WINDOWS\system32\pnrpnsp.dll
0x00007fff29b50000 - 0x00007fff29b65000 	C:\WINDOWS\system32\wshbth.dll
0x00007fff2a520000 - 0x00007fff2a53d000 	C:\WINDOWS\system32\NLAapi.dll
0x00007fff0a220000 - 0x00007fff0a232000 	C:\WINDOWS\System32\winrnr.dll
0x00007fff25bf0000 - 0x00007fff25bfa000 	C:\Windows\System32\rasadhlp.dll
0x00007fff23e10000 - 0x00007fff23e90000 	C:\WINDOWS\System32\fwpuclnt.dll

dbghelp: loaded successfully - version: 4.0.5 - missing functions: none
symbol engine: initialized successfully - sym options: 0x614 - pdb path: .;C:\Program Files\Java\jdk-15.0.1\bin;C:\WINDOWS\SYSTEM32;C:\WINDOWS\WinSxS\amd64_microsoft.windows.common-controls_6595b64144ccf1df_6.0.19041.1110_none_60b5254171f9507e;C:\Program Files\Java\jdk-15.0.1\bin\server

VM Arguments:
jvm_args: -Dorg.gradle.internal.worker.tmpdir=C:\Users\qkdlf\Study\SpringBoot\springboot_basic\springboot_utilization\build\tmp\test\work -Dorg.gradle.native=false -Xmx512m -Dfile.encoding=UTF-8 -Duser.country=KR -Duser.language=ko -Duser.variant -ea 
java_command: worker.org.gradle.process.internal.worker.GradleWorkerMain 'Gradle Test Executor 1'
java_class_path (initial): C:\\Users\\qkdlf\\.gradle\\caches\\7.5\\workerMain\\gradle-worker.jar;C:\\Users\\qkdlf\\Study\\SpringBoot\\springboot_basic\\springboot_utilization\\build\\classes\\java\\test;C:\\Users\\qkdlf\\Study\\SpringBoot\\springboot_basic\\springboot_utilization\\build\\resources\\test;C:\\Users\\qkdlf\\Study\\SpringBoot\\springboot_basic\\springboot_utilization\\build\\classes\\java\\main;C:\\Users\\qkdlf\\Study\\SpringBoot\\springboot_basic\\springboot_utilization\\build\\resources\\main;C:\\Users\\qkdlf\\.gradle\\caches\\modules-2\\files-2.1\\org.springframework.boot\\spring-boot-starter-web\\2.7.4\\ab112abef321c0b9dd4ac416982fb706a2634d18\\spring-boot-starter-web-2.7.4.jar;C:\\Users\\qkdlf\\.gradle\\caches\\modules-2\\files-2.1\\org.springframework.boot\\spring-boot-starter-test\\2.7.4\\6ffe636eb08825712c6ea24d2351888eaf626485\\spring-boot-starter-test-2.7.4.jar;C:\\Users\\qkdlf\\.gradle\\caches\\modules-2\\files-2.1\\org.springframework.boot\\spring-boot-starter-json\\2.7.4\\c0ee38fab3687538d88a4f7615361ba93fe87fca\\spring-boot-starter-json-2.7.4.jar;C:\\Users\\qkdlf\\.gradle\\caches\\modules-2\\files-2.1\\org.springframework.boot\\spring-boot-starter\\2.7.4\\5fe2fed415877251263ebfac15efde59b1ea5913\\spring-boot-starter-2.7.4.jar;C:\\Users\\qkdlf\\.gradle\\caches\\modules-2\\files-2.1\\org.springframework.boot\\spring-boot-starter-tomcat\\2.7.4\\b49555d2bfea184089f8e6b8b338faa5bc9ad254\\spring-boot-starter-tomcat-2.7.4.jar;C:\\Users\\qkdlf\\.gradle\\caches\\modules-2\\files-2.1\\org.springframework\\spring-webmvc\\5.3.23\\b163527c275b0374371890c0b76c2a2a09f9804b\\spring-webmvc-5.3.23.jar;C:\\Users\\qkdlf\\.gradle\\caches\\modules-2\\files-2.1\\org.springframework\\spring-web\\5.3.23\\193f5276092d9cbe3222c63885b47ca7b2cce97\\spring-web-5.3.23.jar;C:\\Users\\qkdlf\\.gradle\\caches\\modules-2\\files-2.1\\org.springframework.boot\\spring-boot-test-autoconfigure\\2.7.4\\6bd903d21c38bbb7ee1910e9cfb891f7313538c3\\spring-boot-test-autoconfigure-2.7.
Launcher Type: SUN_STANDARD

[Global flags]
     intx CICompilerCount                          = 3                                         {product} {ergonomic}
     uint ConcGCThreads                            = 1                                         {product} {ergonomic}
     uint G1ConcRefinementThreads                  = 4                                         {product} {ergonomic}
   size_t G1HeapRegionSize                         = 1048576                                   {product} {ergonomic}
    uintx GCDrainStackTargetSize                   = 64                                        {product} {ergonomic}
   size_t InitialHeapSize                          = 134217728                                 {product} {ergonomic}
   size_t MarkStackSize                            = 4194304                                   {product} {ergonomic}
   size_t MaxHeapSize                              = 536870912                                 {product} {command line}
   size_t MaxNewSize                               = 321912832                                 {product} {ergonomic}
   size_t MinHeapDeltaBytes                        = 1048576                                   {product} {ergonomic}
   size_t MinHeapSize                              = 8388608                                   {product} {ergonomic}
    uintx NonNMethodCodeHeapSize                   = 5832780                                {pd product} {ergonomic}
    uintx NonProfiledCodeHeapSize                  = 122912730                              {pd product} {ergonomic}
    uintx ProfiledCodeHeapSize                     = 122912730                              {pd product} {ergonomic}
    uintx ReservedCodeCacheSize                    = 251658240                              {pd product} {ergonomic}
     bool SegmentedCodeCache                       = true                                      {product} {ergonomic}
   size_t SoftMaxHeapSize                          = 536870912                              {manageable} {ergonomic}
     bool UseCompressedClassPointers               = true                                 {lp64_product} {ergonomic}
     bool UseCompressedOops                        = true                                 {lp64_product} {ergonomic}
     bool UseG1GC                                  = true                                      {product} {ergonomic}
     bool UseLargePagesIndividualAllocation        = false                                  {pd product} {ergonomic}

Logging:
Log output configuration:
 #0: stdout all=warning uptime,level,tags
 #1: stderr all=off uptime,level,tags

Environment Variables:
JAVA_HOME=C:\Program Files\Java\jdk-15.0.1
PATH=D:\oracleDatabase\WINDOWS.X64_193000_db_home\bin;C:\xampp\mysql\bin;C:\Program Files (x86)\Windows Resource Kits\Tools\;C:\Users\qkdlf\OneDrive\πŸ≈¡ »≠∏È\tool\spring5\gradle-7.1\bin;C:\Users\qkdlf\OneDrive\πŸ≈¡ »≠∏È\tool\spring5\apache-maven-3.8.1\bin;C:\Program Files\Java\jdk-15.0.1\bin;C:\Program Files\Common Files\Oracle\Java\javapath;C:\Program Files (x86)\Common Files\Oracle\Java\javapath;D:\OracleDatabase\bin;C:\Program Files (x86)\NAT Service;C:\Program Files (x86)\Intel\iCLS Client\;C:\Program Files\Intel\iCLS Client\;C:\windows\system32;C:\windows;C:\windows\System32\Wbem;C:\windows\System32\WindowsPowerShell\v1.0\;C:\Program Files (x86)\NVIDIA Corporation\PhysX\Common;C:\Program Files (x86)\Intel\Intel(R) Management Engine Components\DAL;C:\Program Files\Intel\Intel(R) Management Engine Components\DAL;C:\Program Files (x86)\Intel\Intel(R) Management Engine Components\IPT;C:\Program Files\Intel\Intel(R) Management Engine Components\IPT;C:\Program Files\dotnet\;C:\Program Files\Microsoft SQL Server\130\Tools\Binn\;C:\WINDOWS\system32;C:\WINDOWS;C:\WINDOWS\System32\Wbem;C:\WINDOWS\System32\WindowsPowerShell\v1.0\;C:\WINDOWS\System32\OpenSSH\;C:\Program Files (x86)\PuTTY\;C:\Program Files\nodejs\;C:\Program Files\MySQL\MySQL Server 8.0\bin;C:\Program Files\TortoiseSVN\bin;C:\Program Files\Git\cmd;D:\Ruby27-x64\bin;C:\Users\qkdlf\AppData\Local\Programs\Python\Python38-32\Scripts\;C:\Users\qkdlf\AppData\Local\Programs\Python\Python38-32\;C:\Users\qkdlf\AppData\Local\Microsoft\WindowsApps;C:\Users\qkdlf\AppData\Local\Programs\Microsoft VS Code\bin;C:\Users\qkdlf\AppData\Local\GitHubDesktop\bin;C:\Program Files\Wireshark;C:\Program Files\Bandizip\;D:\MiKTex\miktex\bin\x64\;C:\Users\qkdlf\AppData\Local\Microsoft\WindowsApps;C:\Users\qkdlf\AppData\Roaming\npm
USERNAME=qkdlf
OS=Windows_NT
PROCESSOR_IDENTIFIER=Intel64 Family 6 Model 142 Stepping 9, GenuineIntel



---------------  S Y S T E M  ---------------

OS:
 Windows 10 , 64 bit Build 19041 (10.0.19041.1889)
OS uptime: 4 days 22:06 hours
HyperV virtualization detected

CPU: total 4 (initial active 4) (2 cores per cpu, 2 threads per core) family 6 model 142 stepping 9 microcode 0xb4, cmov, cx8, fxsr, mmx, sse, sse2, sse3, ssse3, sse4.1, sse4.2, popcnt, vzeroupper, avx, avx2, aes, clmul, erms, 3dnowpref, lzcnt, ht, tsc, tscinvbit, bmi1, bmi2, adx, fma, clflush, clflushopt

Memory: 4k page, system-wide physical 8072M (228M free)
TotalPageFile size 32648M (AvailPageFile size 1M)
current process WorkingSet (physical memory assigned to process): 178M, peak: 178M
current process commit charge ("private bytes"): 211M, peak: 258M

vm_info: Java HotSpot(TM) 64-Bit Server VM (15.0.1+9-18) for windows-amd64 JRE (15.0.1+9-18), built on Sep 15 2020 14:43:54 by "mach5one" with unknown MS VC++:1925

END.
